Watching for file changes with StatReloader
Waiting for apps ready_event.
Apps ready_event triggered. Sending autoreload_started signal.
Watching dir D:\django projects\StreamersNews\venv\Lib\site-packages\rest_framework\templates with glob **/*.
Watching dir D:\django projects\StreamersNews\StreamerNews\locale with glob **/*.mo.
Watching dir D:\django projects\StreamersNews\venv\Lib\site-packages\rest_framework\locale with glob **/*.mo.
Watching dir D:\django projects\StreamersNews\StreamerNews\News\locale with glob **/*.mo.
(0.000) 
            SELECT name, type FROM sqlite_master
            WHERE type in ('table', 'view') AND NOT name='sqlite_sequence'
            ORDER BY name; args=None; alias=default
(0.000) SELECT "django_migrations"."id", "django_migrations"."app", "django_migrations"."name", "django_migrations"."applied" FROM "django_migrations"; args=(); alias=default
File C:\Users\Acer\AppData\Local\Programs\Python\Python312\Lib\fnmatch.py first seen with mtime 1701976814.0
File C:\Users\Acer\AppData\Local\Programs\Python\Python312\DLLs\_asyncio.pyd first seen with mtime 1701976866.0
File C:\Users\Acer\AppData\Local\Programs\Python\Python312\Lib\unittest\__init__.py first seen with mtime 1701976816.0
File D:\django projects\StreamersNews\venv\Lib\site-packages\django\db\models\fields\reverse_related.py first seen with mtime 1702018139.0418417
File C:\Users\Acer\AppData\Local\Programs\Python\Python312\Lib\token.py first seen with mtime 1701976816.0
File D:\django projects\StreamersNews\venv\Lib\site-packages\sqlparse\__init__.py first seen with mtime 1702018134.3493066
File C:\Users\Acer\AppData\Local\Programs\Python\Python312\Lib\json\scanner.py first seen with mtime 1701976814.0
File D:\django projects\StreamersNews\venv\Lib\site-packages\django\contrib\admin\exceptions.py first seen with mtime 1702018135.5780694
File D:\django projects\StreamersNews\venv\Lib\site-packages\django\contrib\admin\apps.py first seen with mtime 1702018135.575023
File D:\django projects\StreamersNews\venv\Lib\site-packages\django\contrib\staticfiles\utils.py first seen with mtime 1702018138.7999978
File D:\django projects\StreamersNews\venv\Lib\site-packages\django\core\checks\files.py first seen with mtime 1702018138.8348744
File D:\django projects\StreamersNews\venv\Lib\site-packages\django\utils\translation\reloader.py first seen with mtime 1702018139.330079
File D:\django projects\StreamersNews\venv\Lib\site-packages\django\utils\formats.py first seen with mtime 1702018139.3114119
File C:\Users\Acer\AppData\Local\Programs\Python\Python312\Lib\selectors.py first seen with mtime 1701976814.0
File D:\django projects\StreamersNews\venv\Lib\site-packages\django\core\mail\__init__.py first seen with mtime 1702018138.8710194
File C:\Users\Acer\AppData\Local\Programs\Python\Python312\Lib\string.py first seen with mtime 1701976814.0
File C:\Users\Acer\AppData\Local\Programs\Python\Python312\Lib\asyncio\windows_events.py first seen with mtime 1701976814.0
File D:\django projects\StreamersNews\venv\Lib\site-packages\asgiref\__init__.py first seen with mtime 1702018134.5181797
File C:\Users\Acer\AppData\Local\Programs\Python\Python312\Lib\platform.py first seen with mtime 1701976814.0
File D:\django projects\StreamersNews\venv\Lib\site-packages\sqlparse\cli.py first seen with mtime 1702018134.3515124
File D:\django projects\StreamersNews\venv\Lib\site-packages\django\urls\resolvers.py first seen with mtime 1702018139.2564461
File C:\Users\Acer\AppData\Local\Programs\Python\Python312\Lib\email\errors.py first seen with mtime 1701976814.0
File C:\Users\Acer\AppData\Local\Programs\Python\Python312\Lib\unittest\signals.py first seen with mtime 1701976816.0
File D:\django projects\StreamersNews\venv\Lib\site-packages\django\template\loaders\base.py first seen with mtime 1702018139.2184987
File D:\django projects\StreamersNews\venv\Lib\site-packages\django\utils\dateparse.py first seen with mtime 1702018139.304294
File C:\Users\Acer\AppData\Local\Programs\Python\Python312\Lib\asyncio\streams.py first seen with mtime 1701976814.0
File C:\Users\Acer\AppData\Local\Programs\Python\Python312\Lib\gzip.py first seen with mtime 1701976814.0
File C:\Users\Acer\AppData\Local\Programs\Python\Python312\Lib\wsgiref\headers.py first seen with mtime 1701976816.0
File D:\django projects\StreamersNews\venv\Lib\site-packages\rest_framework\authentication.py first seen with mtime 1702018162.1298616
File D:\django projects\StreamersNews\venv\Lib\site-packages\django\contrib\staticfiles\apps.py first seen with mtime 1702018138.7927964
File D:\django projects\StreamersNews\venv\Lib\site-packages\django\core\serializers\python.py first seen with mtime 1702018138.9233491
File C:\Users\Acer\AppData\Local\Programs\Python\Python312\Lib\__future__.py first seen with mtime 1701976814.0
File D:\django projects\StreamersNews\venv\Lib\site-packages\django\db\models\fields\proxy.py first seen with mtime 1702018139.03774
File C:\Users\Acer\AppData\Local\Programs\Python\Python312\Lib\copy.py first seen with mtime 1701976814.0
File C:\Users\Acer\AppData\Local\Programs\Python\Python312\Lib\ast.py first seen with mtime 1701976814.0
File D:\django projects\StreamersNews\venv\Lib\site-packages\rest_framework\compat.py first seen with mtime 1702018162.1318562
File D:\django projects\StreamersNews\venv\Lib\site-packages\rest_framework\generics.py first seen with mtime 1702018162.136376
File C:\Users\Acer\AppData\Local\Programs\Python\Python312\Lib\base64.py first seen with mtime 1701976814.0
File C:\Users\Acer\AppData\Local\Programs\Python\Python312\DLLs\_decimal.pyd first seen with mtime 1701976866.0
File D:\django projects\StreamersNews\venv\Lib\site-packages\rest_framework\schemas\inspectors.py first seen with mtime 1702018162.2563453
File D:\django projects\StreamersNews\venv\Lib\site-packages\django\db\backends\ddl_references.py first seen with mtime 1702018138.9337256
File D:\django projects\StreamersNews\venv\Lib\site-packages\django\utils\functional.py first seen with mtime 1702018139.3114119
File C:\Users\Acer\AppData\Local\Programs\Python\Python312\Lib\ipaddress.py first seen with mtime 1701976814.0
File D:\django projects\StreamersNews\StreamerNews\News\apps.py first seen with mtime 1701946711.8911495
File C:\Users\Acer\AppData\Local\Programs\Python\Python312\Lib\email\mime\text.py first seen with mtime 1701976814.0
File D:\django projects\StreamersNews\venv\Lib\site-packages\django\test\html.py first seen with mtime 1702018139.2339108
File D:\django projects\StreamersNews\venv\Lib\site-packages\django\urls\utils.py first seen with mtime 1702018139.2574942
File D:\django projects\StreamersNews\venv\Lib\site-packages\django\core\files\utils.py first seen with mtime 1702018138.858521
File D:\django projects\StreamersNews\venv\Lib\site-packages\asgiref\sync.py first seen with mtime 1702018134.5243733
File D:\django projects\StreamersNews\venv\Lib\site-packages\django\db\backends\base\validation.py first seen with mtime 1702018138.9443052
File D:\django projects\StreamersNews\venv\Lib\site-packages\django\db\models\base.py first seen with mtime 1702018139.0148983
File D:\django projects\StreamersNews\venv\Lib\site-packages\django\db\models\deletion.py first seen with mtime 1702018139.0190637
File D:\django projects\StreamersNews\venv\Lib\site-packages\sqlparse\filters\aligned_indent.py first seen with mtime 1702018134.3619418
File C:\Users\Acer\AppData\Local\Programs\Python\Python312\Lib\contextvars.py first seen with mtime 1701976814.0
File C:\Users\Acer\AppData\Local\Programs\Python\Python312\Lib\reprlib.py first seen with mtime 1701976814.0
File D:\django projects\StreamersNews\venv\Lib\site-packages\django\utils\version.py first seen with mtime 1702018139.3279836
File D:\django projects\StreamersNews\venv\Lib\site-packages\django\template\base.py first seen with mtime 1702018139.1896844
File C:\Users\Acer\AppData\Local\Programs\Python\Python312\Lib\email\mime\base.py first seen with mtime 1701976814.0
File D:\django projects\StreamersNews\venv\Lib\site-packages\django\utils\cache.py first seen with mtime 1702018139.2625759
File C:\Users\Acer\AppData\Local\Programs\Python\Python312\Lib\xml\dom\domreg.py first seen with mtime 1701976816.0
File C:\Users\Acer\AppData\Local\Programs\Python\Python312\Lib\logging\config.py first seen with mtime 1701976814.0
File D:\django projects\StreamersNews\venv\Lib\site-packages\django\db\models\functions\comparison.py first seen with mtime 1702018139.0428393
File D:\django projects\StreamersNews\venv\Lib\site-packages\django\contrib\admindocs\__init__.py first seen with mtime 1702018136.0761213
File C:\Users\Acer\AppData\Local\Programs\Python\Python312\Lib\concurrent\futures\thread.py first seen with mtime 1701976814.0
File C:\Users\Acer\AppData\Local\Programs\Python\Python312\Lib\multiprocessing\process.py first seen with mtime 1701976814.0
File C:\Users\Acer\AppData\Local\Programs\Python\Python312\Lib\asyncio\selector_events.py first seen with mtime 1701976814.0
File C:\Users\Acer\AppData\Local\Programs\Python\Python312\Lib\asyncio\taskgroups.py first seen with mtime 1701976814.0
File D:\django projects\StreamersNews\venv\Lib\site-packages\django\contrib\messages\__init__.py first seen with mtime 1702018138.0428052
File D:\django projects\StreamersNews\venv\Lib\site-packages\django\db\backends\sqlite3\base.py first seen with mtime 1702018138.9805586
File D:\django projects\StreamersNews\venv\Lib\site-packages\django\utils\http.py first seen with mtime 1702018139.314523
File D:\django projects\StreamersNews\venv\Lib\site-packages\django\db\backends\sqlite3\client.py first seen with mtime 1702018138.9816124
File C:\Users\Acer\AppData\Local\Programs\Python\Python312\Lib\email\message.py first seen with mtime 1701976814.0
File D:\django projects\StreamersNews\venv\Lib\site-packages\rest_framework\permissions.py first seen with mtime 1702018162.1425526
File D:\django projects\StreamersNews\venv\Lib\site-packages\django\http\response.py first seen with mtime 1702018139.174336
File C:\Users\Acer\AppData\Local\Programs\Python\Python312\Lib\ssl.py first seen with mtime 1701976814.0
File C:\Users\Acer\AppData\Local\Programs\Python\Python312\Lib\importlib\_abc.py first seen with mtime 1701976814.0
File C:\Users\Acer\AppData\Local\Programs\Python\Python312\Lib\asyncio\windows_utils.py first seen with mtime 1701976814.0
File C:\Users\Acer\AppData\Local\Programs\Python\Python312\Lib\asyncio\timeouts.py first seen with mtime 1701976814.0
File C:\Users\Acer\AppData\Local\Programs\Python\Python312\Lib\http\client.py first seen with mtime 1701976814.0
File D:\django projects\StreamersNews\venv\Lib\site-packages\django\contrib\admin\options.py first seen with mtime 1702018135.58219
File D:\django projects\StreamersNews\venv\Lib\site-packages\django\contrib\contenttypes\fields.py first seen with mtime 1702018136.6458344
File D:\django projects\StreamersNews\venv\Lib\site-packages\django\contrib\staticfiles\handlers.py first seen with mtime 1702018138.7959037
File C:\Users\Acer\AppData\Local\Programs\Python\Python312\Lib\email\encoders.py first seen with mtime 1701976814.0
File D:\django projects\StreamersNews\venv\Lib\site-packages\django\conf\__init__.py first seen with mtime 1702018134.7189052
File D:\django projects\StreamersNews\venv\Lib\site-packages\django\contrib\contenttypes\checks.py first seen with mtime 1702018136.6448364
File D:\django projects\StreamersNews\venv\Lib\site-packages\django\db\__init__.py first seen with mtime 1702018138.9295812
File D:\django projects\StreamersNews\venv\Lib\site-packages\django\contrib\admin\sites.py first seen with mtime 1702018135.5832448
File C:\Users\Acer\AppData\Local\Programs\Python\Python312\DLLs\_socket.pyd first seen with mtime 1701976866.0
File D:\django projects\StreamersNews\venv\Lib\site-packages\sqlparse\filters\right_margin.py first seen with mtime 1702018134.3651166
File D:\django projects\StreamersNews\venv\Lib\site-packages\django\utils\_os.py first seen with mtime 1702018139.2595367
File C:\Users\Acer\AppData\Local\Programs\Python\Python312\Lib\decimal.py first seen with mtime 1701976814.0
File D:\django projects\StreamersNews\venv\Lib\site-packages\django\utils\ipv6.py first seen with mtime 1702018139.3155663
File C:\Users\Acer\AppData\Local\Programs\Python\Python312\Lib\email\policy.py first seen with mtime 1701976814.0
File C:\Users\Acer\AppData\Local\Programs\Python\Python312\Lib\http\__init__.py first seen with mtime 1701976814.0
File C:\Users\Acer\AppData\Local\Programs\Python\Python312\Lib\socketserver.py first seen with mtime 1701976814.0
File D:\django projects\StreamersNews\venv\Lib\site-packages\django\core\checks\security\__init__.py first seen with mtime 1702018138.8441408
File D:\django projects\StreamersNews\venv\Lib\site-packages\django\core\servers\__init__.py first seen with mtime 1702018138.9264472
File D:\django projects\StreamersNews\venv\Lib\site-packages\rest_framework\utils\formatting.py first seen with mtime 1702018162.3675911
File D:\django projects\StreamersNews\venv\Lib\site-packages\django\core\management\color.py first seen with mtime 1702018138.8835187
File D:\django projects\StreamersNews\venv\Lib\site-packages\rest_framework\utils\breadcrumbs.py first seen with mtime 1702018162.3645277
File D:\django projects\StreamersNews\venv\Lib\site-packages\django\conf\global_settings.py first seen with mtime 1702018134.7199516
File C:\Users\Acer\AppData\Local\Programs\Python\Python312\Lib\ctypes\wintypes.py first seen with mtime 1701976814.0
File D:\django projects\StreamersNews\venv\Lib\site-packages\django\contrib\postgres\forms\array.py first seen with mtime 1702018138.070447
File D:\django projects\StreamersNews\venv\Lib\site-packages\django\contrib\sessions\apps.py first seen with mtime 1702018138.3634791
File C:\Users\Acer\AppData\Local\Programs\Python\Python312\Lib\zoneinfo\_tzpath.py first seen with mtime 1701976816.0
File D:\django projects\StreamersNews\venv\Lib\site-packages\django\contrib\auth\checks.py first seen with mtime 1702018136.3840954
File C:\Users\Acer\AppData\Local\Programs\Python\Python312\Lib\logging\handlers.py first seen with mtime 1701976814.0
File D:\django projects\StreamersNews\venv\Lib\site-packages\django\core\checks\security\sessions.py first seen with mtime 1702018138.8492439
File D:\django projects\StreamersNews\venv\Lib\site-packages\django\core\files\images.py first seen with mtime 1702018138.8513327
File D:\django projects\StreamersNews\venv\Lib\site-packages\sqlparse\formatter.py first seen with mtime 1702018134.352581
File C:\Users\Acer\AppData\Local\Programs\Python\Python312\Lib\collections\__init__.py first seen with mtime 1701976814.0
File D:\django projects\StreamersNews\venv\Lib\site-packages\django\forms\boundfield.py first seen with mtime 1702018139.06035
File C:\Users\Acer\AppData\Local\Programs\Python\Python312\DLLs\_ssl.pyd first seen with mtime 1701976866.0
File D:\django projects\StreamersNews\venv\Lib\site-packages\PIL\_binary.py first seen with mtime 1702018246.3085082
File D:\django projects\StreamersNews\venv\Lib\site-packages\PIL\__init__.py first seen with mtime 1702018246.3064485
File D:\django projects\StreamersNews\venv\Lib\site-packages\django\contrib\staticfiles\__init__.py first seen with mtime 1702018138.7917974
File C:\Users\Acer\AppData\Local\Programs\Python\Python312\Lib\_markupbase.py first seen with mtime 1701976814.0
File D:\django projects\StreamersNews\venv\Lib\site-packages\asgiref\local.py first seen with mtime 1702018134.520262
File D:\django projects\StreamersNews\venv\Lib\site-packages\django\contrib\admin\checks.py first seen with mtime 1702018135.5760217
File C:\Users\Acer\AppData\Local\Programs\Python\Python312\Lib\email\_header_value_parser.py first seen with mtime 1701976814.0
File D:\django projects\StreamersNews\venv\Lib\site-packages\django\http\cookie.py first seen with mtime 1702018139.171116
File C:\Users\Acer\AppData\Local\Programs\Python\Python312\Lib\unittest\runner.py first seen with mtime 1701976816.0
File C:\Users\Acer\AppData\Local\Programs\Python\Python312\Lib\email\parser.py first seen with mtime 1701976814.0
File C:\Users\Acer\AppData\Local\Programs\Python\Python312\Lib\email\headerregistry.py first seen with mtime 1701976814.0
File D:\django projects\StreamersNews\venv\Lib\site-packages\rest_framework\__init__.py first seen with mtime 1702018162.127802
File D:\django projects\StreamersNews\venv\Lib\site-packages\django\core\handlers\base.py first seen with mtime 1702018138.8678896
File D:\django projects\StreamersNews\venv\Lib\site-packages\django\contrib\staticfiles\management\__init__.py first seen with mtime 1702018138.8020458
File D:\django projects\StreamersNews\venv\Lib\site-packages\django\dispatch\__init__.py first seen with mtime 1702018139.056176
File C:\Users\Acer\AppData\Local\Programs\Python\Python312\Lib\linecache.py first seen with mtime 1701976814.0
File C:\Users\Acer\AppData\Local\Programs\Python\Python312\Lib\pathlib.py first seen with mtime 1701976814.0
File C:\Users\Acer\AppData\Local\Programs\Python\Python312\Lib\re\_compiler.py first seen with mtime 1701976814.0
File D:\django projects\StreamersNews\venv\Lib\site-packages\django\views\decorators\cache.py first seen with mtime 1702018139.3413725
File C:\Users\Acer\AppData\Local\Programs\Python\Python312\Lib\email\contentmanager.py first seen with mtime 1701976814.0
File C:\Users\Acer\AppData\Local\Programs\Python\Python312\Lib\secrets.py first seen with mtime 1701976814.0
File D:\django projects\StreamersNews\venv\Lib\site-packages\django\contrib\contenttypes\forms.py first seen with mtime 1702018136.6469092
File D:\django projects\StreamersNews\venv\Lib\site-packages\django\db\models\fields\mixins.py first seen with mtime 1702018139.0366895
File D:\django projects\StreamersNews\venv\Lib\site-packages\django\contrib\auth\password_validation.py first seen with mtime 1702018136.3924284
File D:\django projects\StreamersNews\StreamerNews\StreamerNews\__init__.py first seen with mtime 1701946524.1912057
File C:\Users\Acer\AppData\Local\Programs\Python\Python312\Lib\encodings\utf_8.py first seen with mtime 1701976814.0
File D:\django projects\StreamersNews\venv\Lib\site-packages\django\contrib\postgres\utils.py first seen with mtime 1702018138.0602732
File D:\django projects\StreamersNews\venv\Lib\site-packages\django\middleware\cache.py first seen with mtime 1702018139.176331
File C:\Users\Acer\AppData\Local\Programs\Python\Python312\Lib\asyncio\base_subprocess.py first seen with mtime 1701976814.0
File D:\django projects\StreamersNews\venv\Lib\site-packages\django\contrib\auth\decorators.py first seen with mtime 1702018136.3871977
File D:\django projects\StreamersNews\venv\Lib\site-packages\django\contrib\messages\utils.py first seen with mtime 1702018138.0479832
File D:\django projects\StreamersNews\venv\Lib\site-packages\django\db\backends\base\introspection.py first seen with mtime 1702018138.9411428
File D:\django projects\StreamersNews\venv\Lib\site-packages\django\apps\registry.py first seen with mtime 1702018134.717908
File D:\django projects\StreamersNews\venv\Lib\site-packages\django\core\files\storage\mixins.py first seen with mtime 1702018138.8646615
File D:\django projects\StreamersNews\venv\Lib\site-packages\django\core\checks\async_checks.py first seen with mtime 1702018138.8328195
File C:\Users\Acer\AppData\Local\Programs\Python\Python312\Lib\locale.py first seen with mtime 1701976814.0
File C:\Users\Acer\AppData\Local\Programs\Python\Python312\Lib\json\__init__.py first seen with mtime 1701976814.0
File D:\django projects\StreamersNews\venv\Lib\site-packages\django\contrib\auth\base_user.py first seen with mtime 1702018136.3830965
File C:\Users\Acer\AppData\Local\Programs\Python\Python312\Lib\re\_casefix.py first seen with mtime 1701976814.0
File C:\Users\Acer\AppData\Local\Programs\Python\Python312\Lib\asyncio\__init__.py first seen with mtime 1701976814.0
File D:\django projects\StreamersNews\venv\Lib\site-packages\sqlparse\exceptions.py first seen with mtime 1702018134.3515124
File D:\django projects\StreamersNews\venv\Lib\site-packages\django\core\cache\utils.py first seen with mtime 1702018138.8205023
File C:\Users\Acer\AppData\Local\Programs\Python\Python312\Lib\random.py first seen with mtime 1701976814.0
File D:\django projects\StreamersNews\venv\Lib\site-packages\django\db\models\fields\related_descriptors.py first seen with mtime 1702018139.0397904
File D:\django projects\StreamersNews\venv\Lib\site-packages\django\core\cache\__init__.py first seen with mtime 1702018138.8194542
File D:\django projects\StreamersNews\venv\Lib\site-packages\rest_framework\metadata.py first seen with mtime 1702018162.1373746
File D:\django projects\StreamersNews\venv\Lib\site-packages\rest_framework\checks.py first seen with mtime 1702018162.1308591
File D:\django projects\StreamersNews\venv\Lib\site-packages\django\apps\config.py first seen with mtime 1702018134.7168555
File D:\django projects\StreamersNews\venv\Lib\site-packages\django\core\serializers\__init__.py first seen with mtime 1702018138.9181376
File D:\django projects\StreamersNews\venv\Lib\site-packages\rest_framework\utils\mediatypes.py first seen with mtime 1702018162.3717067
File D:\django projects\StreamersNews\venv\Lib\site-packages\django\db\backends\utils.py first seen with mtime 1702018138.9357862
File C:\Users\Acer\AppData\Local\Programs\Python\Python312\Lib\pkgutil.py first seen with mtime 1701976814.0
File D:\django projects\StreamersNews\venv\Lib\site-packages\django\db\models\enums.py first seen with mtime 1702018139.0200636
File D:\django projects\StreamersNews\venv\Lib\site-packages\django\utils\decorators.py first seen with mtime 1702018139.3073313
File D:\django projects\StreamersNews\StreamerNews\News\__init__.py first seen with mtime 1701946711.8941562
File D:\django projects\StreamersNews\venv\Lib\site-packages\django\db\models\functions\datetime.py first seen with mtime 1702018139.0438898
File C:\Users\Acer\AppData\Local\Programs\Python\Python312\Lib\textwrap.py first seen with mtime 1701976816.0
File D:\django projects\StreamersNews\venv\Lib\site-packages\django\forms\__init__.py first seen with mtime 1702018139.0592895
File C:\Users\Acer\AppData\Local\Programs\Python\Python312\Lib\opcode.py first seen with mtime 1701976814.0
File D:\django projects\StreamersNews\venv\Lib\site-packages\django\forms\fields.py first seen with mtime 1702018139.0614102
File D:\django projects\StreamersNews\venv\Lib\site-packages\rest_framework\utils\representation.py first seen with mtime 1702018162.3727624
File D:\django projects\StreamersNews\venv\Lib\site-packages\sqlparse\filters\tokens.py first seen with mtime 1702018134.366115
File D:\django projects\StreamersNews\venv\Lib\site-packages\rest_framework\utils\encoders.py first seen with mtime 1702018162.3655274
File D:\django projects\StreamersNews\venv\Lib\site-packages\sqlparse\utils.py first seen with mtime 1702018134.3567078
File C:\Users\Acer\AppData\Local\Programs\Python\Python312\Lib\urllib\error.py first seen with mtime 1701976816.0
File D:\django projects\StreamersNews\venv\Lib\site-packages\django\contrib\admin\views\__init__.py first seen with mtime 1702018136.0730205
File D:\django projects\StreamersNews\venv\Lib\site-packages\django\contrib\sessions\__init__.py first seen with mtime 1702018138.3624802
File C:\Users\Acer\AppData\Local\Programs\Python\Python312\DLLs\_overlapped.pyd first seen with mtime 1701976866.0
File C:\Users\Acer\AppData\Local\Programs\Python\Python312\Lib\hmac.py first seen with mtime 1701976814.0
File D:\django projects\StreamersNews\venv\Lib\site-packages\django\contrib\auth\__init__.py first seen with mtime 1702018136.380008
File D:\django projects\StreamersNews\venv\Lib\site-packages\django\db\models\functions\math.py first seen with mtime 1702018139.0448885
File C:\Users\Acer\AppData\Local\Programs\Python\Python312\DLLs\_sqlite3.pyd first seen with mtime 1701976866.0
File C:\Users\Acer\AppData\Local\Programs\Python\Python312\Lib\asyncio\events.py first seen with mtime 1701976814.0
File D:\django projects\StreamersNews\venv\Lib\site-packages\django\utils\deconstruct.py first seen with mtime 1702018139.306332
File D:\django projects\StreamersNews\venv\Lib\site-packages\django\views\decorators\debug.py first seen with mtime 1702018139.3434174
File C:\Users\Acer\AppData\Local\Programs\Python\Python312\Lib\ctypes\_endian.py first seen with mtime 1701976814.0
File C:\Users\Acer\AppData\Local\Programs\Python\Python312\Lib\re\_constants.py first seen with mtime 1701976814.0
File C:\Users\Acer\AppData\Local\Programs\Python\Python312\Lib\importlib\__init__.py first seen with mtime 1701976814.0
File D:\django projects\StreamersNews\venv\Lib\site-packages\django\utils\numberformat.py first seen with mtime 1702018139.320765
File D:\django projects\StreamersNews\venv\Lib\site-packages\django\db\models\manager.py first seen with mtime 1702018139.024227
File D:\django projects\StreamersNews\venv\Lib\site-packages\django\db\models\sql\where.py first seen with mtime 1702018139.055177
File D:\django projects\StreamersNews\StreamerNews\StreamerNews\urls.py first seen with mtime 1701960499.9614778
File D:\django projects\StreamersNews\venv\Lib\site-packages\rest_framework\relations.py first seen with mtime 1702018162.143551
File C:\Users\Acer\AppData\Local\Programs\Python\Python312\DLLs\_hashlib.pyd first seen with mtime 1701976866.0
File D:\django projects\StreamersNews\venv\Lib\site-packages\pytz\exceptions.py first seen with mtime 1702018161.3578706
File D:\django projects\StreamersNews\venv\Lib\site-packages\django\contrib\auth\hashers.py first seen with mtime 1702018136.3881958
File D:\django projects\StreamersNews\venv\Lib\site-packages\django\db\models\functions\__init__.py first seen with mtime 1702018139.0428393
File C:\Users\Acer\AppData\Local\Programs\Python\Python312\Lib\email\charset.py first seen with mtime 1701976814.0
File C:\Users\Acer\AppData\Local\Programs\Python\Python312\Lib\email\mime\multipart.py first seen with mtime 1701976814.0
File C:\Users\Acer\AppData\Local\Programs\Python\Python312\Lib\fractions.py first seen with mtime 1701976814.0
File D:\django projects\StreamersNews\venv\Lib\site-packages\django\db\backends\sqlite3\schema.py first seen with mtime 1702018138.987895
File D:\django projects\StreamersNews\venv\Lib\site-packages\django\db\models\options.py first seen with mtime 1702018139.024227
File C:\Users\Acer\AppData\Local\Programs\Python\Python312\Lib\typing.py first seen with mtime 1701976816.0
File D:\django projects\StreamersNews\venv\Lib\site-packages\django\db\models\sql\__init__.py first seen with mtime 1702018139.04899
File D:\django projects\StreamersNews\venv\Lib\site-packages\rest_framework\utils\model_meta.py first seen with mtime 1702018162.3717067
File C:\Users\Acer\AppData\Local\Programs\Python\Python312\Lib\subprocess.py first seen with mtime 1701976814.0
File D:\django projects\StreamersNews\venv\Lib\site-packages\django\contrib\messages\api.py first seen with mtime 1702018138.0428052
File D:\django projects\StreamersNews\venv\Lib\site-packages\django\db\models\constants.py first seen with mtime 1702018139.0159726
File C:\Users\Acer\AppData\Local\Programs\Python\Python312\Lib\asyncio\base_events.py first seen with mtime 1701976814.0
File D:\django projects\StreamersNews\venv\Lib\site-packages\django\contrib\messages\storage\base.py first seen with mtime 1702018138.0500188
File D:\django projects\StreamersNews\venv\Lib\site-packages\django\core\files\uploadedfile.py first seen with mtime 1702018138.8564334
File C:\Users\Acer\AppData\Local\Programs\Python\Python312\Lib\email\iterators.py first seen with mtime 1701976814.0
File D:\django projects\StreamersNews\venv\Lib\site-packages\django\contrib\contenttypes\management\__init__.py first seen with mtime 1702018136.8223076
File D:\django projects\StreamersNews\venv\Lib\site-packages\django\template\loaders\__init__.py first seen with mtime 1702018139.2164483
File D:\django projects\StreamersNews\venv\Lib\site-packages\rest_framework\utils\serializer_helpers.py first seen with mtime 1702018162.3737605
File D:\django projects\StreamersNews\venv\Lib\site-packages\django\contrib\sessions\base_session.py first seen with mtime 1702018138.3644762
File C:\Users\Acer\AppData\Local\Programs\Python\Python312\Lib\numbers.py first seen with mtime 1701976814.0
File D:\django projects\StreamersNews\venv\Lib\site-packages\django\core\validators.py first seen with mtime 1702018138.8174067
File D:\django projects\StreamersNews\venv\Lib\site-packages\django\db\models\fields\related.py first seen with mtime 1702018139.038738
File D:\django projects\StreamersNews\venv\Lib\site-packages\django\db\backends\base\features.py first seen with mtime 1702018138.9400737
File C:\Users\Acer\AppData\Local\Programs\Python\Python312\Lib\asyncio\exceptions.py first seen with mtime 1701976814.0
File C:\Users\Acer\AppData\Local\Programs\Python\Python312\Lib\concurrent\futures\__init__.py first seen with mtime 1701976814.0
File C:\Users\Acer\AppData\Local\Programs\Python\Python312\Lib\concurrent\futures\_base.py first seen with mtime 1701976814.0
File D:\django projects\StreamersNews\venv\Lib\site-packages\django\core\files\storage\handler.py first seen with mtime 1702018138.8625987
File C:\Users\Acer\AppData\Local\Programs\Python\Python312\Lib\email\__init__.py first seen with mtime 1701976814.0
File C:\Users\Acer\AppData\Local\Programs\Python\Python312\Lib\multiprocessing\context.py first seen with mtime 1701976814.0
File D:\django projects\StreamersNews\venv\Lib\site-packages\django\views\decorators\common.py first seen with mtime 1702018139.3424194
File D:\django projects\StreamersNews\venv\Lib\site-packages\sqlparse\engine\__init__.py first seen with mtime 1702018134.357788
File D:\django projects\StreamersNews\venv\Lib\site-packages\django\http\multipartparser.py first seen with mtime 1702018139.1721528
File C:\Users\Acer\AppData\Local\Programs\Python\Python312\Lib\re\__init__.py first seen with mtime 1701976814.0
File D:\django projects\StreamersNews\venv\Lib\site-packages\django\conf\locale\__init__.py first seen with mtime 1702018134.726162
File D:\django projects\StreamersNews\venv\Lib\site-packages\django\urls\converters.py first seen with mtime 1702018139.2471905
File D:\django projects\StreamersNews\venv\Lib\site-packages\rest_framework\schemas\__init__.py first seen with mtime 1702018162.2547605
File D:\django projects\StreamersNews\venv\Lib\site-packages\django\contrib\admin\views\main.py first seen with mtime 1702018136.0750654
File D:\django projects\StreamersNews\venv\Lib\site-packages\django\contrib\admin\templatetags\admin_list.py first seen with mtime 1702018136.0699716
File D:\django projects\StreamersNews\venv\Lib\site-packages\django\contrib\messages\constants.py first seen with mtime 1702018138.0448704
File C:\Users\Acer\AppData\Local\Programs\Python\Python312\Lib\asyncio\queues.py first seen with mtime 1701976814.0
File D:\django projects\StreamersNews\venv\Lib\site-packages\django\db\backends\base\operations.py first seen with mtime 1702018138.9421985
File C:\Users\Acer\AppData\Local\Programs\Python\Python312\Lib\logging\__init__.py first seen with mtime 1701976814.0
File D:\django projects\StreamersNews\StreamerNews\News\models.py first seen with mtime 1701960527.903664
File D:\django projects\StreamersNews\venv\Lib\site-packages\django\contrib\staticfiles\views.py first seen with mtime 1702018138.8009973
File D:\django projects\StreamersNews\venv\Lib\site-packages\django\utils\html.py first seen with mtime 1702018139.3135242
File C:\Users\Acer\AppData\Local\Programs\Python\Python312\Lib\asyncio\mixins.py first seen with mtime 1701976814.0
File C:\Users\Acer\AppData\Local\Programs\Python\Python312\Lib\statistics.py first seen with mtime 1701976814.0
File C:\Users\Acer\AppData\Local\Programs\Python\Python312\Lib\asyncio\constants.py first seen with mtime 1701976814.0
File D:\django projects\StreamersNews\venv\Lib\site-packages\django\db\backends\sqlite3\_functions.py first seen with mtime 1702018138.9795587
File D:\django projects\StreamersNews\venv\Lib\site-packages\sqlparse\keywords.py first seen with mtime 1702018134.353578
File D:\django projects\StreamersNews\venv\Lib\site-packages\django\contrib\auth\validators.py first seen with mtime 1702018136.394468
File C:\Users\Acer\AppData\Local\Programs\Python\Python312\Lib\re\_parser.py first seen with mtime 1701976814.0
File D:\django projects\StreamersNews\venv\Lib\site-packages\django\core\checks\compatibility\django_4_0.py first seen with mtime 1702018138.8441408
File C:\Users\Acer\AppData\Local\Programs\Python\Python312\Lib\email\quoprimime.py first seen with mtime 1701976814.0
File D:\django projects\StreamersNews\venv\Lib\site-packages\django\core\management\base.py first seen with mtime 1702018138.883499
File D:\django projects\StreamersNews\venv\Lib\site-packages\django\contrib\admin\templatetags\admin_modify.py first seen with mtime 1702018136.070969
File D:\django projects\StreamersNews\venv\Lib\site-packages\django\utils\log.py first seen with mtime 1702018139.3176267
File C:\Users\Acer\AppData\Local\Programs\Python\Python312\Lib\uuid.py first seen with mtime 1701976816.0
File D:\django projects\StreamersNews\venv\Lib\site-packages\django\test\testcases.py first seen with mtime 1702018139.2400446
File D:\django projects\StreamersNews\venv\Lib\site-packages\django\core\signing.py first seen with mtime 1702018138.8153608
File C:\Users\Acer\AppData\Local\Programs\Python\Python312\Lib\threading.py first seen with mtime 1701976816.0
File D:\django projects\StreamersNews\venv\Lib\site-packages\rest_framework\schemas\generators.py first seen with mtime 1702018162.2563453
File D:\django projects\StreamersNews\venv\Lib\site-packages\rest_framework\utils\field_mapping.py first seen with mtime 1702018162.3665924
File C:\Users\Acer\AppData\Local\Programs\Python\Python312\Lib\asyncio\tasks.py first seen with mtime 1701976814.0
File D:\django projects\StreamersNews\venv\Lib\site-packages\django\db\backends\sqlite3\features.py first seen with mtime 1702018138.9836636
File D:\django projects\StreamersNews\venv\Lib\site-packages\rest_framework\mixins.py first seen with mtime 1702018162.1384277
File C:\Users\Acer\AppData\Local\Programs\Python\Python312\Lib\unittest\loader.py first seen with mtime 1701976816.0
File C:\Users\Acer\AppData\Local\Programs\Python\Python312\Lib\unittest\main.py first seen with mtime 1701976816.0
File C:\Users\Acer\AppData\Local\Programs\Python\Python312\Lib\email\header.py first seen with mtime 1701976814.0
File C:\Users\Acer\AppData\Local\Programs\Python\Python312\DLLs\_zoneinfo.pyd first seen with mtime 1701976866.0
File C:\Users\Acer\AppData\Local\Programs\Python\Python312\Lib\zoneinfo\_common.py first seen with mtime 1701976816.0
File D:\django projects\StreamersNews\venv\Lib\site-packages\django\urls\__init__.py first seen with mtime 1702018139.245149
File D:\django projects\StreamersNews\venv\Lib\site-packages\django\forms\utils.py first seen with mtime 1702018139.0655122
File D:\django projects\StreamersNews\venv\Lib\site-packages\django\db\models\sql\subqueries.py first seen with mtime 1702018139.0541365
File D:\django projects\StreamersNews\venv\Lib\site-packages\django\core\files\storage\memory.py first seen with mtime 1702018138.863597
File C:\Users\Acer\AppData\Local\Programs\Python\Python312\Lib\asyncio\protocols.py first seen with mtime 1701976814.0
File D:\django projects\StreamersNews\venv\Lib\site-packages\django\core\signals.py first seen with mtime 1702018138.8143618
File C:\Users\Acer\AppData\Local\Programs\Python\Python312\Lib\unittest\suite.py first seen with mtime 1701976816.0
File D:\django projects\StreamersNews\venv\Lib\site-packages\django\template\smartif.py first seen with mtime 1702018139.20618
File D:\django projects\StreamersNews\venv\Lib\site-packages\rest_framework\utils\__init__.py first seen with mtime 1702018162.3634694
File D:\django projects\StreamersNews\venv\Lib\site-packages\django\core\files\move.py first seen with mtime 1702018138.8533854
File D:\django projects\StreamersNews\venv\Lib\site-packages\django\views\static.py first seen with mtime 1702018139.3383274
File D:\django projects\StreamersNews\venv\Lib\site-packages\django\db\models\__init__.py first seen with mtime 1702018139.0107377
File D:\django projects\StreamersNews\venv\Lib\site-packages\django\utils\regex_helper.py first seen with mtime 1702018139.32181
File D:\django projects\StreamersNews\venv\Lib\site-packages\django\contrib\auth\signals.py first seen with mtime 1702018136.3924284
File D:\django projects\StreamersNews\venv\Lib\site-packages\django\db\transaction.py first seen with mtime 1702018138.9306314
File D:\django projects\StreamersNews\venv\Lib\site-packages\django\views\generic\base.py first seen with mtime 1702018139.347507
File C:\Users\Acer\AppData\Local\Programs\Python\Python312\Lib\urllib\__init__.py first seen with mtime 1701976816.0
File D:\django projects\StreamersNews\venv\Lib\site-packages\PIL\_util.py first seen with mtime 1702018246.3491297
File D:\django projects\StreamersNews\venv\Lib\site-packages\django\contrib\admin\__init__.py first seen with mtime 1702018135.5739703
File D:\django projects\StreamersNews\venv\Lib\site-packages\django\utils\translation\__init__.py first seen with mtime 1702018139.330079
File D:\django projects\StreamersNews\venv\Lib\site-packages\django\core\files\storage\filesystem.py first seen with mtime 1702018138.8615537
File C:\Users\Acer\AppData\Local\Programs\Python\Python312\Lib\lzma.py first seen with mtime 1701976814.0
File D:\django projects\StreamersNews\venv\Lib\site-packages\django\template\loaders\cached.py first seen with mtime 1702018139.2195468
File D:\django projects\StreamersNews\venv\Lib\site-packages\django\templatetags\static.py first seen with mtime 1702018139.228767
File D:\django projects\StreamersNews\venv\Lib\site-packages\django\db\backends\base\client.py first seen with mtime 1702018138.9379573
File C:\Users\Acer\AppData\Local\Programs\Python\Python312\Lib\heapq.py first seen with mtime 1701976814.0
File C:\Users\Acer\AppData\Local\Programs\Python\Python312\Lib\asyncio\trsock.py first seen with mtime 1701976814.0
File D:\django projects\StreamersNews\venv\Lib\site-packages\django\contrib\admin\views\decorators.py first seen with mtime 1702018136.0750654
File D:\django projects\StreamersNews\venv\Lib\site-packages\rest_framework\schemas\views.py first seen with mtime 1702018162.2594583
File D:\django projects\StreamersNews\venv\Lib\site-packages\django\core\checks\database.py first seen with mtime 1702018138.8348536
File D:\django projects\StreamersNews\venv\Lib\site-packages\django\db\models\constraints.py first seen with mtime 1702018139.018006
File D:\django projects\StreamersNews\venv\Lib\site-packages\PIL\ExifTags.py first seen with mtime 1702018246.2378135
File D:\django projects\StreamersNews\venv\Lib\site-packages\django\contrib\sites\requests.py first seen with mtime 1702018138.5881405
File C:\Users\Acer\AppData\Local\Programs\Python\Python312\Lib\struct.py first seen with mtime 1701976814.0
File D:\django projects\StreamersNews\venv\Lib\site-packages\django\contrib\contenttypes\apps.py first seen with mtime 1702018136.64375
File C:\Users\Acer\AppData\Local\Programs\Python\Python312\Lib\asyncio\base_futures.py first seen with mtime 1701976814.0
File C:\Users\Acer\AppData\Local\Programs\Python\Python312\Lib\http\server.py first seen with mtime 1701976814.0
File D:\django projects\StreamersNews\venv\Lib\site-packages\django\utils\datastructures.py first seen with mtime 1702018139.2930884
File C:\Users\Acer\AppData\Local\Programs\Python\Python312\Lib\urllib\request.py first seen with mtime 1701976816.0
File D:\django projects\StreamersNews\venv\Lib\site-packages\PIL\_imaging.cp312-win_amd64.pyd first seen with mtime 1702018246.3284278
File D:\django projects\StreamersNews\venv\Lib\site-packages\django\contrib\staticfiles\management\commands\runserver.py first seen with mtime 1702018138.806156
File D:\django projects\StreamersNews\venv\Lib\site-packages\rest_framework\urlpatterns.py first seen with mtime 1702018162.1529336
File D:\django projects\StreamersNews\venv\Lib\site-packages\django\db\models\fields\related_lookups.py first seen with mtime 1702018139.0407882
File C:\Users\Acer\AppData\Local\Programs\Python\Python312\Lib\shutil.py first seen with mtime 1701976814.0
File D:\django projects\StreamersNews\venv\Lib\site-packages\django\test\utils.py first seen with mtime 1702018139.2420986
File D:\django projects\StreamersNews\venv\Lib\site-packages\django\db\models\expressions.py first seen with mtime 1702018139.0211163
File D:\django projects\StreamersNews\venv\Lib\site-packages\rest_framework\negotiation.py first seen with mtime 1702018162.1394258
File D:\django projects\StreamersNews\venv\Lib\site-packages\django\contrib\contenttypes\views.py first seen with mtime 1702018136.6499617
File C:\Users\Acer\AppData\Local\Programs\Python\Python312\Lib\calendar.py first seen with mtime 1701976814.0
File C:\Users\Acer\AppData\Local\Programs\Python\Python312\Lib\datetime.py first seen with mtime 1701976814.0
File D:\django projects\StreamersNews\venv\Lib\site-packages\django\db\models\functions\mixins.py first seen with mtime 1702018139.0459468
File D:\django projects\StreamersNews\venv\Lib\site-packages\rest_framework\response.py first seen with mtime 1702018162.1467485
File D:\django projects\StreamersNews\venv\Lib\site-packages\django\db\models\fields\files.py first seen with mtime 1702018139.0346324
File D:\django projects\StreamersNews\venv\Lib\site-packages\django\db\backends\sqlite3\introspection.py first seen with mtime 1702018138.9847274
File C:\Users\Acer\AppData\Local\Programs\Python\Python312\Lib\mimetypes.py first seen with mtime 1701976814.0
File D:\django projects\StreamersNews\venv\Lib\site-packages\django\core\servers\basehttp.py first seen with mtime 1702018138.9274945
File D:\django projects\StreamersNews\venv\Lib\site-packages\django\db\backends\__init__.py first seen with mtime 1702018138.9326782
File D:\django projects\StreamersNews\venv\Lib\site-packages\rest_framework\schemas\coreapi.py first seen with mtime 1702018162.2553475
File D:\django projects\StreamersNews\venv\Lib\site-packages\rest_framework\renderers.py first seen with mtime 1702018162.144672
File C:\Users\Acer\AppData\Local\Programs\Python\Python312\Lib\difflib.py first seen with mtime 1701976814.0
File D:\django projects\StreamersNews\venv\Lib\site-packages\django\db\migrations\operations\base.py first seen with mtime 1702018139.0055108
File D:\django projects\StreamersNews\venv\Lib\site-packages\rest_framework\viewsets.py first seen with mtime 1702018162.1580987
File D:\django projects\StreamersNews\venv\Lib\site-packages\django\views\csrf.py first seen with mtime 1702018139.334159
File C:\Users\Acer\AppData\Local\Programs\Python\Python312\Lib\email\base64mime.py first seen with mtime 1701976814.0
File C:\Users\Acer\AppData\Local\Programs\Python\Python312\Lib\graphlib.py first seen with mtime 1701976814.0
File C:\Users\Acer\AppData\Local\Programs\Python\Python312\Lib\keyword.py first seen with mtime 1701976814.0
File D:\django projects\StreamersNews\venv\Lib\site-packages\rest_framework\decorators.py first seen with mtime 1702018162.1322675
File D:\django projects\StreamersNews\venv\Lib\site-packages\django\middleware\common.py first seen with mtime 1702018139.177374
File C:\Users\Acer\AppData\Local\Programs\Python\Python312\Lib\bz2.py first seen with mtime 1701976814.0
File D:\django projects\StreamersNews\venv\Lib\site-packages\django\db\backends\base\__init__.py first seen with mtime 1702018138.9358485
File D:\django projects\StreamersNews\venv\Lib\site-packages\django\contrib\admin\templatetags\__init__.py first seen with mtime 1702018136.0689254
File D:\django projects\StreamersNews\venv\Lib\site-packages\django\db\models\functions\text.py first seen with mtime 1702018139.0469446
File C:\Users\Acer\AppData\Local\Programs\Python\Python312\Lib\sqlite3\__init__.py first seen with mtime 1701976814.0
File D:\django projects\StreamersNews\venv\Lib\site-packages\rest_framework\status.py first seen with mtime 1702018162.150864
File D:\django projects\StreamersNews\venv\Lib\site-packages\django\template\loader.py first seen with mtime 1702018139.2019582
File D:\django projects\StreamersNews\venv\Lib\site-packages\sqlparse\engine\statement_splitter.py first seen with mtime 1702018134.3598847
File D:\django projects\StreamersNews\venv\Lib\site-packages\django\utils\module_loading.py first seen with mtime 1702018139.3197675
File C:\Users\Acer\AppData\Local\Programs\Python\Python312\Lib\wsgiref\__init__.py first seen with mtime 1701976816.0
File D:\django projects\StreamersNews\venv\Lib\site-packages\django\utils\text.py first seen with mtime 1702018139.3249445
File D:\django projects\StreamersNews\venv\Lib\site-packages\django\core\checks\templates.py first seen with mtime 1702018138.8400278
File D:\django projects\StreamersNews\venv\Lib\site-packages\django\utils\translation\trans_real.py first seen with mtime 1702018139.3321173
File C:\Users\Acer\AppData\Local\Programs\Python\Python312\Lib\unittest\result.py first seen with mtime 1701976816.0
File D:\django projects\StreamersNews\venv\Lib\site-packages\django\contrib\messages\storage\__init__.py first seen with mtime 1702018138.0489814
File D:\django projects\StreamersNews\venv\Lib\site-packages\PIL\Image.py first seen with mtime 1702018246.2524557
File D:\django projects\StreamersNews\venv\Lib\site-packages\django\db\migrations\operations\models.py first seen with mtime 1702018139.0075598
File D:\django projects\StreamersNews\venv\Lib\site-packages\django\contrib\admin\templatetags\log.py first seen with mtime 1702018136.0720217
File D:\django projects\StreamersNews\venv\Lib\site-packages\pytz\lazy.py first seen with mtime 1702018161.3589363
File D:\django projects\StreamersNews\venv\Lib\site-packages\rest_framework\settings.py first seen with mtime 1702018162.1498039
File C:\Users\Acer\AppData\Local\Programs\Python\Python312\Lib\xml\dom\__init__.py first seen with mtime 1701976816.0
File C:\Users\Acer\AppData\Local\Programs\Python\Python312\Lib\warnings.py first seen with mtime 1701976816.0
File D:\django projects\StreamersNews\venv\Lib\site-packages\django\core\__init__.py first seen with mtime 1702018138.8112514
File D:\django projects\StreamersNews\venv\Lib\site-packages\django\conf\urls\static.py first seen with mtime 1702018135.5718389
File C:\Users\Acer\AppData\Local\Programs\Python\Python312\Lib\email\mime\message.py first seen with mtime 1701976814.0
File D:\django projects\StreamersNews\venv\Lib\site-packages\django\db\backends\sqlite3\creation.py first seen with mtime 1702018138.9826648
File C:\Users\Acer\AppData\Local\Programs\Python\Python312\DLLs\_ctypes.pyd first seen with mtime 1701976866.0
File D:\django projects\StreamersNews\venv\Lib\site-packages\django\conf\urls\__init__.py first seen with mtime 1702018135.5677557
File C:\Users\Acer\AppData\Local\Programs\Python\Python312\Lib\pprint.py first seen with mtime 1701976814.0
File D:\django projects\StreamersNews\venv\Lib\site-packages\django\template\loader_tags.py first seen with mtime 1702018139.2030005
File D:\django projects\StreamersNews\venv\Lib\site-packages\django\test\client.py first seen with mtime 1702018139.2328482
File D:\django projects\StreamersNews\venv\Lib\site-packages\django\views\generic\dates.py first seen with mtime 1702018139.3485506
File D:\django projects\StreamersNews\venv\Lib\site-packages\PIL\_version.py first seen with mtime 1702018246.3501756
File D:\django projects\StreamersNews\venv\Lib\site-packages\django\core\files\base.py first seen with mtime 1702018138.8502772
File D:\django projects\StreamersNews\venv\Lib\site-packages\django\forms\renderers.py first seen with mtime 1702018139.0655122
File D:\django projects\StreamersNews\venv\Lib\site-packages\django\utils\dateformat.py first seen with mtime 1702018139.3032596
File C:\Users\Acer\AppData\Local\Programs\Python\Python312\Lib\functools.py first seen with mtime 1701976814.0
File D:\django projects\StreamersNews\venv\Lib\site-packages\django\db\migrations\migration.py first seen with mtime 1702018138.9971907
File D:\django projects\StreamersNews\venv\Lib\site-packages\django\db\backends\base\creation.py first seen with mtime 1702018138.9390159
File D:\django projects\StreamersNews\venv\Lib\site-packages\django\utils\timezone.py first seen with mtime 1702018139.326986
File C:\Users\Acer\AppData\Local\Programs\Python\Python312\Lib\html\parser.py first seen with mtime 1701976814.0
File C:\Users\Acer\AppData\Local\Programs\Python\Python312\Lib\asyncio\runners.py first seen with mtime 1701976814.0
File D:\django projects\StreamersNews\venv\Lib\site-packages\django\core\files\__init__.py first seen with mtime 1702018138.8502772
File C:\Users\Acer\AppData\Local\Programs\Python\Python312\Lib\xml\dom\xmlbuilder.py first seen with mtime 1701976816.0
File D:\django projects\StreamersNews\StreamerNews\StreamerNews\settings.py first seen with mtime 1702020313.217482
File D:\django projects\StreamersNews\venv\Lib\site-packages\django\template\exceptions.py first seen with mtime 1702018139.197869
File D:\django projects\StreamersNews\venv\Lib\site-packages\django\template\loaders\filesystem.py first seen with mtime 1702018139.220546
File D:\django projects\StreamersNews\venv\Lib\site-packages\django\utils\timesince.py first seen with mtime 1702018139.3249445
File D:\django projects\StreamersNews\venv\Lib\site-packages\rest_framework\fields.py first seen with mtime 1702018162.1353161
File C:\Users\Acer\AppData\Local\Programs\Python\Python312\Lib\unittest\util.py first seen with mtime 1701976816.0
File C:\Users\Acer\AppData\Local\Programs\Python\Python312\Lib\wsgiref\simple_server.py first seen with mtime 1701976816.0
File D:\django projects\StreamersNews\venv\Lib\site-packages\django\db\migrations\utils.py first seen with mtime 1702018139.003455
File D:\django projects\StreamersNews\venv\Lib\site-packages\pytz\tzinfo.py first seen with mtime 1702018161.362086
File D:\django projects\StreamersNews\venv\Lib\site-packages\django\core\checks\model_checks.py first seen with mtime 1702018138.8369243
File D:\django projects\StreamersNews\venv\Lib\site-packages\pytz\tzfile.py first seen with mtime 1702018161.3610094
File D:\django projects\StreamersNews\venv\Lib\site-packages\django\core\files\uploadhandler.py first seen with mtime 1702018138.857468
File C:\Users\Acer\AppData\Local\Programs\Python\Python312\Lib\bisect.py first seen with mtime 1701976814.0
File C:\Users\Acer\AppData\Local\Programs\Python\Python312\DLLs\_bz2.pyd first seen with mtime 1701976866.0
File D:\django projects\StreamersNews\venv\Lib\site-packages\django\template\library.py first seen with mtime 1702018139.1999097
File D:\django projects\StreamersNews\venv\Lib\site-packages\django\contrib\admin\decorators.py first seen with mtime 1702018135.577072
File D:\django projects\StreamersNews\venv\Lib\site-packages\django\contrib\messages\apps.py first seen with mtime 1702018138.0438714
File C:\Users\Acer\AppData\Local\Programs\Python\Python312\Lib\operator.py first seen with mtime 1701976814.0
File D:\django projects\StreamersNews\venv\Lib\site-packages\django\core\handlers\exception.py first seen with mtime 1702018138.8689387
File D:\django projects\StreamersNews\venv\Lib\site-packages\django\db\backends\base\base.py first seen with mtime 1702018138.936903
File C:\Users\Acer\AppData\Local\Programs\Python\Python312\Lib\multiprocessing\__init__.py first seen with mtime 1701976814.0
File C:\Users\Acer\AppData\Local\Programs\Python\Python312\Lib\argparse.py first seen with mtime 1701976814.0
File C:\Users\Acer\AppData\Local\Programs\Python\Python312\Lib\asyncio\staggered.py first seen with mtime 1701976814.0
File C:\Users\Acer\AppData\Local\Programs\Python\Python312\Lib\gettext.py first seen with mtime 1701976814.0
File D:\django projects\StreamersNews\venv\Lib\site-packages\django\urls\base.py first seen with mtime 1702018139.245149
File D:\django projects\StreamersNews\venv\Lib\site-packages\django\http\__init__.py first seen with mtime 1702018139.1701183
File D:\django projects\StreamersNews\venv\Lib\site-packages\django\templatetags\i18n.py first seen with mtime 1702018139.2266905
File C:\Users\Acer\AppData\Local\Programs\Python\Python312\Lib\getpass.py first seen with mtime 1701976814.0
File D:\django projects\StreamersNews\venv\Lib\site-packages\django\test\signals.py first seen with mtime 1702018139.2380006
File D:\django projects\StreamersNews\venv\Lib\site-packages\django\utils\crypto.py first seen with mtime 1702018139.264625
File C:\Users\Acer\AppData\Local\Programs\Python\Python312\Lib\xml\dom\minidom.py first seen with mtime 1701976816.0
File D:\django projects\StreamersNews\venv\Lib\site-packages\django\template\autoreload.py first seen with mtime 1702018139.1876087
File D:\django projects\StreamersNews\venv\Lib\site-packages\django\db\models\fields\__init__.py first seen with mtime 1702018139.033573
File C:\Users\Acer\AppData\Local\Programs\Python\Python312\Lib\quopri.py first seen with mtime 1701976814.0
File C:\Users\Acer\AppData\Local\Programs\Python\Python312\Lib\asyncio\proactor_events.py first seen with mtime 1701976814.0
File D:\django projects\StreamersNews\venv\Lib\site-packages\django\contrib\sessions\exceptions.py first seen with mtime 1702018138.3655236
File D:\django projects\StreamersNews\venv\Lib\site-packages\django\contrib\admin\utils.py first seen with mtime 1702018135.5842438
File D:\django projects\StreamersNews\venv\Lib\site-packages\django\shortcuts.py first seen with mtime 1702018134.7148309
File D:\django projects\StreamersNews\venv\Lib\site-packages\django\utils\connection.py first seen with mtime 1702018139.264625
File D:\django projects\StreamersNews\venv\Lib\site-packages\django\contrib\postgres\validators.py first seen with mtime 1702018138.0612714
File C:\Users\Acer\AppData\Local\Programs\Python\Python312\Lib\sysconfig.py first seen with mtime 1701976814.0
File C:\Users\Acer\AppData\Local\Programs\Python\Python312\Lib\html\__init__.py first seen with mtime 1701976814.0
File D:\django projects\StreamersNews\venv\Lib\site-packages\django\contrib\admindocs\views.py first seen with mtime 1702018136.079155
File C:\Users\Acer\AppData\Local\Programs\Python\Python312\Lib\queue.py first seen with mtime 1701976814.0
File D:\django projects\StreamersNews\venv\Lib\site-packages\django\core\checks\translation.py first seen with mtime 1702018138.841027
File D:\django projects\StreamersNews\venv\Lib\site-packages\django\core\checks\urls.py first seen with mtime 1702018138.842093
File C:\Users\Acer\AppData\Local\Programs\Python\Python312\Lib\pickle.py first seen with mtime 1701976814.0
File D:\django projects\StreamersNews\venv\Lib\site-packages\django\middleware\security.py first seen with mtime 1702018139.1855662
File C:\Users\Acer\AppData\Local\Programs\Python\Python312\DLLs\_uuid.pyd first seen with mtime 1701976866.0
File D:\django projects\StreamersNews\venv\Lib\site-packages\django\views\decorators\__init__.py first seen with mtime 1702018139.3393264
File D:\django projects\StreamersNews\venv\Lib\site-packages\django\core\cache\backends\base.py first seen with mtime 1702018138.8225627
File D:\django projects\StreamersNews\venv\Lib\site-packages\django\core\paginator.py first seen with mtime 1702018138.8132985
File C:\Users\Acer\AppData\Local\Programs\Python\Python312\Lib\email\_encoded_words.py first seen with mtime 1701976814.0
File D:\django projects\StreamersNews\venv\Lib\site-packages\django\db\models\query.py first seen with mtime 1702018139.0262742
File D:\django projects\StreamersNews\venv\Lib\site-packages\django\db\migrations\__init__.py first seen with mtime 1702018138.988895
File C:\Users\Acer\AppData\Local\Programs\Python\Python312\Lib\email\feedparser.py first seen with mtime 1701976814.0
File D:\django projects\StreamersNews\venv\Lib\site-packages\django\core\files\temp.py first seen with mtime 1702018138.854385
File D:\django projects\StreamersNews\venv\Lib\site-packages\django\utils\__init__.py first seen with mtime 1702018139.2584915
File D:\django projects\StreamersNews\venv\Lib\site-packages\django\templatetags\__init__.py first seen with mtime 1702018139.2236528
File D:\django projects\StreamersNews\venv\Lib\site-packages\django\contrib\sessions\backends\base.py first seen with mtime 1702018138.3686657
File D:\django projects\StreamersNews\venv\Lib\site-packages\django\contrib\sessions\backends\__init__.py first seen with mtime 1702018138.3686657
File D:\django projects\StreamersNews\venv\Lib\site-packages\django\db\models\aggregates.py first seen with mtime 1702018139.012768
File D:\django projects\StreamersNews\venv\Lib\site-packages\django\db\models\lookups.py first seen with mtime 1702018139.0231714
File D:\django projects\StreamersNews\venv\Lib\site-packages\rest_framework\validators.py first seen with mtime 1702018162.1549935
File D:\django projects\StreamersNews\venv\Lib\site-packages\django\core\management\sql.py first seen with mtime 1702018138.8845687
File D:\django projects\StreamersNews\venv\Lib\site-packages\django\utils\asyncio.py first seen with mtime 1702018139.2605357
File D:\django projects\StreamersNews\venv\Lib\site-packages\django\views\i18n.py first seen with mtime 1702018139.3372629
File D:\django projects\StreamersNews\venv\Lib\site-packages\django\views\generic\detail.py first seen with mtime 1702018139.3495483
File C:\Users\Acer\AppData\Local\Programs\Python\Python312\Lib\_compression.py first seen with mtime 1701976814.0
File D:\django projects\StreamersNews\venv\Lib\site-packages\django\templatetags\tz.py first seen with mtime 1702018139.2298126
File D:\django projects\StreamersNews\venv\Lib\site-packages\django\core\files\locks.py first seen with mtime 1702018138.852332
File D:\django projects\StreamersNews\venv\Lib\site-packages\django\template\backends\base.py first seen with mtime 1702018139.209296
File D:\django projects\StreamersNews\venv\Lib\site-packages\django\contrib\admin\templatetags\base.py first seen with mtime 1702018136.0720217
File D:\django projects\StreamersNews\venv\Lib\site-packages\django\dispatch\dispatcher.py first seen with mtime 1702018139.057225
File D:\django projects\StreamersNews\venv\Lib\site-packages\django\contrib\admin\templatetags\admin_urls.py first seen with mtime 1702018136.070969
File D:\django projects\StreamersNews\venv\Lib\site-packages\django\core\management\__init__.py first seen with mtime 1702018138.8814723
File C:\Users\Acer\AppData\Local\Programs\Python\Python312\Lib\weakref.py first seen with mtime 1701976816.0
File C:\Users\Acer\AppData\Local\Programs\Python\Python312\Lib\_weakrefset.py first seen with mtime 1701976814.0
File D:\django projects\StreamersNews\venv\Lib\site-packages\django\utils\autoreload.py first seen with mtime 1702018139.261576
File D:\django projects\StreamersNews\venv\Lib\site-packages\django\utils\itercompat.py first seen with mtime 1702018139.3166282
File C:\Users\Acer\AppData\Local\Programs\Python\Python312\Lib\wsgiref\util.py first seen with mtime 1701976816.0
File C:\Users\Acer\AppData\Local\Programs\Python\Python312\Lib\encodings\cp1251.py first seen with mtime 1701976814.0
File D:\django projects\StreamersNews\venv\Lib\site-packages\django\contrib\sites\shortcuts.py first seen with mtime 1702018138.5891385
File D:\django projects\StreamersNews\venv\Lib\site-packages\django\contrib\contenttypes\admin.py first seen with mtime 1702018136.6416953
File C:\Users\Acer\AppData\Local\Programs\Python\Python312\Lib\encodings\__init__.py first seen with mtime 1701976814.0
File C:\Users\Acer\AppData\Local\Programs\Python\Python312\Lib\email\_policybase.py first seen with mtime 1701976814.0
File D:\django projects\StreamersNews\venv\Lib\site-packages\django\contrib\auth\backends.py first seen with mtime 1702018136.382054
File C:\Users\Acer\AppData\Local\Programs\Python\Python312\Lib\email\mime\nonmultipart.py first seen with mtime 1701976814.0
File D:\django projects\StreamersNews\venv\Lib\site-packages\django\views\decorators\csrf.py first seen with mtime 1702018139.3434174
File C:\Users\Acer\AppData\Local\Programs\Python\Python312\Lib\asyncio\threads.py first seen with mtime 1701976814.0
File D:\django projects\StreamersNews\venv\Lib\site-packages\rest_framework\schemas\utils.py first seen with mtime 1702018162.258397
File D:\django projects\StreamersNews\venv\Lib\site-packages\django\contrib\postgres\__init__.py first seen with mtime 1702018138.053052
File D:\django projects\StreamersNews\venv\Lib\site-packages\django\core\checks\caches.py first seen with mtime 1702018138.8338192
File D:\django projects\StreamersNews\venv\Lib\site-packages\django\core\serializers\json.py first seen with mtime 1702018138.921236
File D:\django projects\StreamersNews\venv\Lib\site-packages\django\utils\lorem_ipsum.py first seen with mtime 1702018139.3186805
File D:\django projects\StreamersNews\venv\Lib\site-packages\django\contrib\auth\forms.py first seen with mtime 1702018136.3871977
File C:\Users\Acer\AppData\Local\Programs\Python\Python312\Lib\encodings\aliases.py first seen with mtime 1701976814.0
File C:\Users\Acer\AppData\Local\Programs\Python\Python312\DLLs\_queue.pyd first seen with mtime 1701976866.0
File D:\django projects\StreamersNews\venv\Lib\site-packages\rest_framework\utils\urls.py first seen with mtime 1702018162.3748214
File D:\django projects\StreamersNews\venv\Lib\site-packages\django\core\handlers\asgi.py first seen with mtime 1702018138.8668332
File D:\django projects\StreamersNews\StreamerNews\News\admin.py first seen with mtime 1701960649.54871
File D:\django projects\StreamersNews\venv\Lib\site-packages\rest_framework\request.py first seen with mtime 1702018162.1456695
File D:\django projects\StreamersNews\venv\Lib\site-packages\django\middleware\csrf.py first seen with mtime 1702018139.1784253
File D:\django projects\StreamersNews\venv\Lib\site-packages\django\contrib\admin\helpers.py first seen with mtime 1702018135.58014
File D:\django projects\StreamersNews\venv\Lib\site-packages\django\core\checks\__init__.py first seen with mtime 1702018138.8317647
File D:\django projects\StreamersNews\venv\Lib\site-packages\rest_framework\exceptions.py first seen with mtime 1702018162.1343174
File C:\Users\Acer\AppData\Local\Programs\Python\Python312\Lib\xml\__init__.py first seen with mtime 1701976816.0
File D:\django projects\StreamersNews\venv\Lib\site-packages\django\utils\dates.py first seen with mtime 1702018139.305292
File D:\django projects\StreamersNews\venv\Lib\site-packages\rest_framework\apps.py first seen with mtime 1702018162.1287992
File C:\Users\Acer\AppData\Local\Programs\Python\Python312\Lib\copyreg.py first seen with mtime 1701976814.0
File D:\django projects\StreamersNews\venv\Lib\site-packages\django\core\checks\security\csrf.py first seen with mtime 1702018138.8482444
File D:\django projects\StreamersNews\venv\Lib\site-packages\django\utils\safestring.py first seen with mtime 1702018139.3228092
File D:\django projects\StreamersNews\venv\Lib\site-packages\rest_framework\schemas\openapi.py first seen with mtime 1702018162.2573986
File D:\django projects\StreamersNews\venv\Lib\site-packages\django\forms\models.py first seen with mtime 1702018139.063465
File D:\django projects\StreamersNews\StreamerNews\manage.py first seen with mtime 1701946524.1862197
File D:\django projects\StreamersNews\venv\Lib\site-packages\django\core\handlers\__init__.py first seen with mtime 1702018138.8657343
File D:\django projects\StreamersNews\StreamerNews\News\serializers.py first seen with mtime 1701950926.6945732
File D:\django projects\StreamersNews\venv\Lib\site-packages\django\core\mail\message.py first seen with mtime 1702018138.8720677
File D:\django projects\StreamersNews\venv\Lib\site-packages\django\db\migrations\operations\fields.py first seen with mtime 1702018139.0065615
File D:\django projects\StreamersNews\venv\Lib\site-packages\django\template\backends\django.py first seen with mtime 1702018139.2113464
File C:\Users\Acer\AppData\Local\Programs\Python\Python312\Lib\traceback.py first seen with mtime 1701976816.0
File D:\django projects\StreamersNews\venv\Lib\site-packages\rest_framework\serializers.py first seen with mtime 1702018162.148806
File C:\Users\Acer\AppData\Local\Programs\Python\Python312\Lib\xml\dom\NodeFilter.py first seen with mtime 1701976816.0
File D:\django projects\StreamersNews\venv\Lib\site-packages\django\db\models\fields\generated.py first seen with mtime 1702018139.0346324
File D:\django projects\StreamersNews\venv\Lib\site-packages\django\utils\duration.py first seen with mtime 1702018139.308374
File D:\django projects\StreamersNews\venv\Lib\site-packages\django\test\__init__.py first seen with mtime 1702018139.2318492
File D:\django projects\StreamersNews\venv\Lib\site-packages\asgiref\current_thread_executor.py first seen with mtime 1702018134.5192637
File D:\django projects\StreamersNews\venv\Lib\site-packages\sqlparse\filters\reindent.py first seen with mtime 1702018134.364041
File D:\django projects\StreamersNews\venv\Lib\site-packages\django\db\models\functions\window.py first seen with mtime 1702018139.047992
File C:\Users\Acer\AppData\Local\Programs\Python\Python312\Lib\wsgiref\handlers.py first seen with mtime 1701976816.0
File D:\django projects\StreamersNews\venv\Lib\site-packages\django\apps\__init__.py first seen with mtime 1702018134.7168555
File C:\Users\Acer\AppData\Local\Programs\Python\Python312\Lib\socket.py first seen with mtime 1701976814.0
File D:\django projects\StreamersNews\venv\Lib\site-packages\pytz\__init__.py first seen with mtime 1702018161.30098
File D:\django projects\StreamersNews\venv\Lib\site-packages\django\db\models\query_utils.py first seen with mtime 1702018139.0283742
File C:\Users\Acer\AppData\Local\Programs\Python\Python312\Lib\html\entities.py first seen with mtime 1701976814.0
File C:\Users\Acer\AppData\Local\Programs\Python\Python312\Lib\email\utils.py first seen with mtime 1701976814.0
File D:\django projects\StreamersNews\venv\Lib\site-packages\django\contrib\auth\middleware.py first seen with mtime 1702018136.3892522
File D:\django projects\StreamersNews\venv\Lib\site-packages\django\template\defaulttags.py first seen with mtime 1702018139.1968703
File D:\django projects\StreamersNews\venv\Lib\site-packages\django\core\checks\registry.py first seen with mtime 1702018138.837924
File C:\Users\Acer\AppData\Local\Programs\Python\Python312\Lib\json\encoder.py first seen with mtime 1701976814.0
File D:\django projects\StreamersNews\venv\Lib\site-packages\django\template\__init__.py first seen with mtime 1702018139.1866097
File D:\django projects\StreamersNews\venv\Lib\site-packages\django\db\migrations\state.py first seen with mtime 1702018139.002457
File D:\django projects\StreamersNews\venv\Lib\site-packages\django\views\defaults.py first seen with mtime 1702018139.3362637
File D:\django projects\StreamersNews\venv\Lib\site-packages\django\forms\forms.py first seen with mtime 1702018139.0624666
File D:\django projects\StreamersNews\venv\Lib\site-packages\django\templatetags\cache.py first seen with mtime 1702018139.224651
File C:\Users\Acer\AppData\Local\Programs\Python\Python312\Lib\urllib\response.py first seen with mtime 1701976816.0
File C:\Users\Acer\AppData\Local\Programs\Python\Python312\DLLs\_wmi.pyd first seen with mtime 1701976866.0
File C:\Users\Acer\AppData\Local\Programs\Python\Python312\Lib\asyncio\base_tasks.py first seen with mtime 1701976814.0
File C:\Users\Acer\AppData\Local\Programs\Python\Python312\Lib\urllib\parse.py first seen with mtime 1701976816.0
File D:\django projects\StreamersNews\venv\Lib\site-packages\django\template\defaultfilters.py first seen with mtime 1702018139.194834
File D:\django projects\StreamersNews\venv\Lib\site-packages\django\views\generic\__init__.py first seen with mtime 1702018139.347507
File D:\django projects\StreamersNews\venv\Lib\site-packages\django\core\management\commands\__init__.py first seen with mtime 1702018138.8889444
File D:\django projects\StreamersNews\venv\Lib\site-packages\django\contrib\staticfiles\management\commands\__init__.py first seen with mtime 1702018138.8030448
File D:\django projects\StreamersNews\venv\Lib\site-packages\django\core\files\storage\base.py first seen with mtime 1702018138.8605547
File D:\django projects\StreamersNews\venv\Lib\site-packages\django\db\migrations\exceptions.py first seen with mtime 1702018138.99203
File D:\django projects\StreamersNews\venv\Lib\site-packages\django\db\migrations\operations\__init__.py first seen with mtime 1702018139.0055108
File C:\Users\Acer\AppData\Local\Programs\Python\Python312\Lib\multiprocessing\reduction.py first seen with mtime 1701976814.0
File D:\django projects\StreamersNews\venv\Lib\site-packages\django\views\generic\list.py first seen with mtime 1702018139.3505957
File D:\django projects\StreamersNews\venv\Lib\site-packages\django\core\files\storage\__init__.py first seen with mtime 1702018138.8595202
File D:\django projects\StreamersNews\venv\Lib\site-packages\_virtualenv.py first seen with mtime 1702017920.365194
File D:\django projects\StreamersNews\venv\Lib\site-packages\sqlparse\engine\filter_stack.py first seen with mtime 1702018134.3587863
File D:\django projects\StreamersNews\venv\Lib\site-packages\django\utils\deprecation.py first seen with mtime 1702018139.308374
File C:\Users\Acer\AppData\Local\Programs\Python\Python312\Lib\asyncio\sslproto.py first seen with mtime 1701976814.0
File D:\django projects\StreamersNews\venv\Lib\site-packages\django\template\backends\__init__.py first seen with mtime 1702018139.2082398
File C:\Users\Acer\AppData\Local\Programs\Python\Python312\Lib\email\_parseaddr.py first seen with mtime 1701976814.0
File D:\django projects\StreamersNews\venv\Lib\site-packages\rest_framework\parsers.py first seen with mtime 1702018162.1414816
File C:\Users\Acer\AppData\Local\Programs\Python\Python312\Lib\zoneinfo\__init__.py first seen with mtime 1701976816.0
File C:\Users\Acer\AppData\Local\Programs\Python\Python312\Lib\glob.py first seen with mtime 1701976814.0
File D:\django projects\StreamersNews\venv\Lib\site-packages\django\template\engine.py first seen with mtime 1702018139.197869
File C:\Users\Acer\AppData\Local\Programs\Python\Python312\Lib\asyncio\subprocess.py first seen with mtime 1701976814.0
File D:\django projects\StreamersNews\venv\Lib\site-packages\django\contrib\admin\widgets.py first seen with mtime 1702018135.5852966
File C:\Users\Acer\AppData\Local\Programs\Python\Python312\Lib\email\generator.py first seen with mtime 1701976814.0
File D:\django projects\StreamersNews\venv\Lib\site-packages\django\utils\tree.py first seen with mtime 1702018139.326986
File D:\django projects\StreamersNews\venv\Lib\site-packages\rest_framework\reverse.py first seen with mtime 1702018162.1477437
File D:\django projects\StreamersNews\venv\Lib\site-packages\django\contrib\postgres\lookups.py first seen with mtime 1702018138.0571518
File D:\django projects\StreamersNews\venv\Lib\site-packages\django\contrib\postgres\forms\hstore.py first seen with mtime 1702018138.0714455
File D:\django projects\StreamersNews\venv\Lib\site-packages\django\utils\encoding.py first seen with mtime 1702018139.3093717
File D:\django projects\StreamersNews\venv\Lib\site-packages\django\db\models\sql\constants.py first seen with mtime 1702018139.050044
File D:\django projects\StreamersNews\venv\Lib\site-packages\django\contrib\auth\tokens.py first seen with mtime 1702018136.3934698
File C:\Users\Acer\AppData\Local\Programs\Python\Python312\Lib\inspect.py first seen with mtime 1701976814.0
File D:\django projects\StreamersNews\venv\Lib\site-packages\sqlparse\filters\others.py first seen with mtime 1702018134.362992
File D:\django projects\StreamersNews\venv\Lib\site-packages\django\core\wsgi.py first seen with mtime 1702018138.8184552
File C:\Users\Acer\AppData\Local\Programs\Python\Python312\Lib\tempfile.py first seen with mtime 1701976814.0
File D:\django projects\StreamersNews\venv\Lib\site-packages\django\contrib\admin\filters.py first seen with mtime 1702018135.579141
File D:\django projects\StreamersNews\venv\Lib\site-packages\sqlparse\engine\grouping.py first seen with mtime 1702018134.3598363
File D:\django projects\StreamersNews\venv\Lib\site-packages\rest_framework\routers.py first seen with mtime 1702018162.1477437
File D:\django projects\StreamersNews\venv\Lib\site-packages\django\contrib\auth\models.py first seen with mtime 1702018136.3914309
File D:\django projects\StreamersNews\venv\Lib\site-packages\django\contrib\__init__.py first seen with mtime 1702018135.5728364
File D:\django projects\StreamersNews\venv\Lib\site-packages\django\db\migrations\operations\special.py first seen with mtime 1702018139.0086148
File C:\Users\Acer\AppData\Local\Programs\Python\Python312\Lib\nturl2path.py first seen with mtime 1701976814.0
File C:\Users\Acer\AppData\Local\Programs\Python\Python312\Lib\asyncio\coroutines.py first seen with mtime 1701976814.0
File D:\django projects\StreamersNews\venv\Lib\site-packages\django\views\generic\edit.py first seen with mtime 1702018139.3505957
File D:\django projects\StreamersNews\venv\Lib\site-packages\django\contrib\admin\models.py first seen with mtime 1702018135.581191
File D:\django projects\StreamersNews\venv\Lib\site-packages\django\contrib\admindocs\utils.py first seen with mtime 1702018136.078157
File C:\Users\Acer\AppData\Local\Programs\Python\Python312\Lib\http\cookies.py first seen with mtime 1701976814.0
File C:\Users\Acer\AppData\Local\Programs\Python\Python312\Lib\dis.py first seen with mtime 1701976814.0
File D:\django projects\StreamersNews\venv\Lib\site-packages\django\core\management\commands\runserver.py first seen with mtime 1702018138.9056525
File D:\django projects\StreamersNews\venv\Lib\site-packages\django\http\request.py first seen with mtime 1702018139.1732721
File D:\django projects\StreamersNews\venv\Lib\site-packages\django\urls\exceptions.py first seen with mtime 1702018139.2564461
File D:\django projects\StreamersNews\venv\Lib\site-packages\django\core\mail\utils.py first seen with mtime 1702018138.8731174
File C:\Users\Acer\AppData\Local\Programs\Python\Python312\Lib\types.py first seen with mtime 1701976816.0
File C:\Users\Acer\AppData\Local\Programs\Python\Python312\Lib\asyncio\locks.py first seen with mtime 1701976814.0
File C:\Users\Acer\AppData\Local\Programs\Python\Python312\Lib\asyncio\transports.py first seen with mtime 1701976814.0
File D:\django projects\StreamersNews\venv\Lib\site-packages\django\db\utils.py first seen with mtime 1702018138.9316294
File D:\django projects\StreamersNews\venv\Lib\site-packages\django\templatetags\l10n.py first seen with mtime 1702018139.2277687
File D:\django projects\StreamersNews\venv\Lib\site-packages\django\contrib\admin\actions.py first seen with mtime 1702018135.575023
File C:\Users\Acer\AppData\Local\Programs\Python\Python312\Lib\email\mime\__init__.py first seen with mtime 1701976814.0
File C:\Users\Acer\AppData\Local\Programs\Python\Python312\DLLs\select.pyd first seen with mtime 1701976864.0
File D:\django projects\StreamersNews\venv\Lib\site-packages\rest_framework\views.py first seen with mtime 1702018162.1570413
File D:\django projects\StreamersNews\venv\Lib\site-packages\sqlparse\sql.py first seen with mtime 1702018134.354633
File C:\Users\Acer\AppData\Local\Programs\Python\Python312\Lib\dataclasses.py first seen with mtime 1701976814.0
File D:\django projects\StreamersNews\venv\Lib\site-packages\django\contrib\staticfiles\finders.py first seen with mtime 1702018138.7948487
File C:\Users\Acer\AppData\Local\Programs\Python\Python312\Lib\asyncio\log.py first seen with mtime 1701976814.0
File D:\django projects\StreamersNews\venv\Lib\site-packages\django\contrib\sessions\middleware.py first seen with mtime 1702018138.3655236
File D:\django projects\StreamersNews\venv\Lib\site-packages\django\db\models\fields\json.py first seen with mtime 1702018139.0356927
File D:\django projects\StreamersNews\venv\Lib\site-packages\django\urls\conf.py first seen with mtime 1702018139.2461927
File D:\django projects\StreamersNews\venv\Lib\site-packages\django\contrib\admin\views\autocomplete.py first seen with mtime 1702018136.074067
File D:\django projects\StreamersNews\venv\Lib\site-packages\PIL\ImageMode.py first seen with mtime 1702018246.2651212
File D:\django projects\StreamersNews\venv\Lib\site-packages\django\core\exceptions.py first seen with mtime 1702018138.8123
File C:\Users\Acer\AppData\Local\Programs\Python\Python312\Lib\ctypes\__init__.py first seen with mtime 1701976814.0
File C:\Users\Acer\AppData\Local\Programs\Python\Python312\Lib\asyncio\format_helpers.py first seen with mtime 1701976814.0
File D:\django projects\StreamersNews\venv\Lib\site-packages\rest_framework\utils\humanize_datetime.py first seen with mtime 1702018162.3696513
File D:\django projects\StreamersNews\venv\Lib\site-packages\django\core\cache\backends\filebased.py first seen with mtime 1702018138.8266692
File D:\django projects\StreamersNews\venv\Lib\site-packages\django\db\backends\base\schema.py first seen with mtime 1702018138.9442859
File D:\django projects\StreamersNews\venv\Lib\site-packages\django\db\backends\signals.py first seen with mtime 1702018138.9347806
File C:\Users\Acer\AppData\Local\Programs\Python\Python312\DLLs\unicodedata.pyd first seen with mtime 1701976866.0
File C:\Users\Acer\AppData\Local\Programs\Python\Python312\Lib\signal.py first seen with mtime 1701976814.0
File D:\django projects\StreamersNews\venv\Lib\site-packages\django\contrib\sessions\models.py first seen with mtime 1702018138.3666124
File C:\Users\Acer\AppData\Local\Programs\Python\Python312\Lib\contextlib.py first seen with mtime 1701976814.0
File D:\django projects\StreamersNews\venv\Lib\site-packages\sqlparse\filters\output.py first seen with mtime 1702018134.3640218
File D:\django projects\StreamersNews\venv\Lib\site-packages\django\template\utils.py first seen with mtime 1702018139.2082398
File D:\django projects\StreamersNews\venv\Lib\site-packages\django\contrib\auth\apps.py first seen with mtime 1702018136.382054
File D:\django projects\StreamersNews\venv\Lib\site-packages\django\views\__init__.py first seen with mtime 1702018139.333161
File C:\Users\Acer\AppData\Local\Programs\Python\Python312\Lib\enum.py first seen with mtime 1701976814.0
File D:\django projects\StreamersNews\venv\Lib\site-packages\django\utils\termcolors.py first seen with mtime 1702018139.3238835
File C:\Users\Acer\AppData\Local\Programs\Python\Python312\Lib\collections\abc.py first seen with mtime 1701976814.0
File D:\django projects\StreamersNews\venv\Lib\site-packages\rest_framework\templatetags\__init__.py first seen with mtime 1702018162.362472
File D:\django projects\StreamersNews\venv\Lib\site-packages\django\forms\formsets.py first seen with mtime 1702018139.063465
File D:\django projects\StreamersNews\venv\Lib\site-packages\PIL\TiffTags.py first seen with mtime 1702018246.3012953
File C:\Users\Acer\AppData\Local\Programs\Python\Python312\Lib\hashlib.py first seen with mtime 1701976814.0
File D:\django projects\StreamersNews\venv\Lib\site-packages\django\utils\inspect.py first seen with mtime 1702018139.314523
File D:\django projects\StreamersNews\venv\Lib\site-packages\django\db\models\sql\datastructures.py first seen with mtime 1702018139.0510962
File D:\django projects\StreamersNews\venv\Lib\site-packages\django\core\checks\compatibility\__init__.py first seen with mtime 1702018138.8430922
File D:\django projects\StreamersNews\venv\Lib\site-packages\django\db\models\signals.py first seen with mtime 1702018139.0294385
File D:\django projects\StreamersNews\venv\Lib\site-packages\django\utils\choices.py first seen with mtime 1702018139.2636263
File C:\Users\Acer\AppData\Local\Programs\Python\Python312\Lib\json\decoder.py first seen with mtime 1701976814.0
File C:\Users\Acer\AppData\Local\Programs\Python\Python312\Lib\tokenize.py first seen with mtime 1701976816.0
File C:\Users\Acer\AppData\Local\Programs\Python\Python312\Lib\concurrent\__init__.py first seen with mtime 1701976814.0
File D:\django projects\StreamersNews\venv\Lib\site-packages\django\core\cache\backends\__init__.py first seen with mtime 1702018138.821502
File D:\django projects\StreamersNews\venv\Lib\site-packages\django\middleware\__init__.py first seen with mtime 1702018139.175334
File C:\Users\Acer\AppData\Local\Programs\Python\Python312\Lib\asyncio\futures.py first seen with mtime 1701976814.0
File D:\django projects\StreamersNews\venv\Lib\site-packages\django\__init__.py first seen with mtime 1702018134.7138314
File D:\django projects\StreamersNews\venv\Lib\site-packages\django\contrib\contenttypes\models.py first seen with mtime 1702018136.6479077
File D:\django projects\StreamersNews\venv\Lib\site-packages\rest_framework\utils\html.py first seen with mtime 1702018162.368589
File D:\django projects\StreamersNews\venv\Lib\site-packages\django\contrib\auth\admin.py first seen with mtime 1702018136.3810563
File C:\Users\Acer\AppData\Local\Programs\Python\Python312\Lib\sqlite3\dbapi2.py first seen with mtime 1701976814.0
File D:\django projects\StreamersNews\venv\Lib\site-packages\rest_framework\templatetags\rest_framework.py first seen with mtime 1702018162.3634694
File D:\django projects\StreamersNews\venv\Lib\site-packages\django\forms\widgets.py first seen with mtime 1702018139.0665545
File D:\django projects\StreamersNews\venv\Lib\site-packages\django\contrib\sites\__init__.py first seen with mtime 1702018138.583016
File D:\django projects\StreamersNews\venv\Lib\site-packages\django\db\backends\sqlite3\operations.py first seen with mtime 1702018138.9868443
File C:\Users\Acer\AppData\Local\Programs\Python\Python312\Lib\xml\dom\minicompat.py first seen with mtime 1701976816.0
File D:\django projects\StreamersNews\venv\Lib\site-packages\django\core\checks\messages.py first seen with mtime 1702018138.8358738
File D:\django projects\StreamersNews\venv\Lib\site-packages\django\db\backends\sqlite3\__init__.py first seen with mtime 1702018138.9785118
File D:\django projects\StreamersNews\venv\Lib\site-packages\django\contrib\contenttypes\__init__.py first seen with mtime 1702018136.6406972
File C:\Users\Acer\AppData\Local\Programs\Python\Python312\Lib\_compat_pickle.py first seen with mtime 1701976814.0
File C:\Users\Acer\AppData\Local\Programs\Python\Python312\Lib\unittest\case.py first seen with mtime 1701976816.0
File D:\django projects\StreamersNews\venv\Lib\site-packages\django\core\serializers\base.py first seen with mtime 1702018138.9201908
File D:\django projects\StreamersNews\venv\Lib\site-packages\sqlparse\filters\__init__.py first seen with mtime 1702018134.3609433
File D:\django projects\StreamersNews\venv\Lib\site-packages\django\db\models\indexes.py first seen with mtime 1702018139.0221736
File D:\django projects\StreamersNews\venv\Lib\site-packages\sqlparse\lexer.py first seen with mtime 1702018134.354633
File D:\django projects\StreamersNews\venv\Lib\site-packages\sqlparse\tokens.py first seen with mtime 1702018134.3556323
File D:\django projects\StreamersNews\venv\Lib\site-packages\django\template\loaders\app_directories.py first seen with mtime 1702018139.2175004
File D:\django projects\StreamersNews\venv\Lib\site-packages\django\core\handlers\wsgi.py first seen with mtime 1702018138.8700194
File D:\django projects\StreamersNews\venv\Lib\site-packages\django\views\debug.py first seen with mtime 1702018139.3352005
File D:\django projects\StreamersNews\venv\Lib\site-packages\django\core\checks\security\base.py first seen with mtime 1702018138.8471901
File D:\django projects\StreamersNews\venv\Lib\site-packages\django\core\cache\backends\locmem.py first seen with mtime 1702018138.8287115
File D:\django projects\StreamersNews\venv\Lib\site-packages\rest_framework\utils\json.py first seen with mtime 1702018162.3707068
File D:\django projects\StreamersNews\venv\Lib\site-packages\django\contrib\messages\middleware.py first seen with mtime 1702018138.0459108
File D:\django projects\StreamersNews\venv\Lib\site-packages\django\db\backends\postgresql\__init__.py first seen with mtime 1702018138.9692545
File D:\django projects\StreamersNews\venv\Lib\site-packages\django\db\models\utils.py first seen with mtime 1702018139.030501
File D:\django projects\StreamersNews\venv\Lib\site-packages\django\contrib\postgres\search.py first seen with mtime 1702018138.0592124
File D:\django projects\StreamersNews\venv\Lib\site-packages\django\db\models\sql\query.py first seen with mtime 1702018139.0531366
File C:\Users\Acer\AppData\Local\Programs\Python\Python312\DLLs\_lzma.pyd first seen with mtime 1701976866.0
File D:\django projects\StreamersNews\venv\Lib\site-packages\django\contrib\staticfiles\checks.py first seen with mtime 1702018138.79385
File D:\django projects\StreamersNews\venv\Lib\site-packages\django\template\response.py first seen with mtime 1702018139.2039988
File D:\django projects\StreamersNews\StreamerNews\News\views.py first seen with mtime 1701955341.619461
File D:\django projects\StreamersNews\venv\Lib\site-packages\django\template\context.py first seen with mtime 1702018139.1907547
File D:\django projects\StreamersNews\venv\Lib\site-packages\django\utils\hashable.py first seen with mtime 1702018139.3124614
File D:\django projects\StreamersNews\venv\Lib\site-packages\django\contrib\auth\management\__init__.py first seen with mtime 1702018136.6231947
File D:\django projects\StreamersNews\venv\Lib\site-packages\rest_framework\templates\rest_framework first seen with mtime 1702018162.3521724
File D:\django projects\StreamersNews\venv\Lib\site-packages\rest_framework\templates\rest_framework\admin first seen with mtime 1702018162.315631
File D:\django projects\StreamersNews\venv\Lib\site-packages\rest_framework\templates\rest_framework\admin.html first seen with mtime 1702018162.3040733
File D:\django projects\StreamersNews\venv\Lib\site-packages\rest_framework\templates\rest_framework\api.html first seen with mtime 1702018162.3050714
File D:\django projects\StreamersNews\venv\Lib\site-packages\rest_framework\templates\rest_framework\base.html first seen with mtime 1702018162.3061583
File D:\django projects\StreamersNews\venv\Lib\site-packages\rest_framework\templates\rest_framework\docs first seen with mtime 1702018162.323161
File D:\django projects\StreamersNews\venv\Lib\site-packages\rest_framework\templates\rest_framework\filters first seen with mtime 1702018162.3304925
File D:\django projects\StreamersNews\venv\Lib\site-packages\rest_framework\templates\rest_framework\horizontal first seen with mtime 1702018162.339727
File D:\django projects\StreamersNews\venv\Lib\site-packages\rest_framework\templates\rest_framework\inline first seen with mtime 1702018162.3501337
File D:\django projects\StreamersNews\venv\Lib\site-packages\rest_framework\templates\rest_framework\login.html first seen with mtime 1702018162.3071556
File D:\django projects\StreamersNews\venv\Lib\site-packages\rest_framework\templates\rest_framework\login_base.html first seen with mtime 1702018162.308149
File D:\django projects\StreamersNews\venv\Lib\site-packages\rest_framework\templates\rest_framework\pagination first seen with mtime 1702018162.3521724
File D:\django projects\StreamersNews\venv\Lib\site-packages\rest_framework\templates\rest_framework\raw_data_form.html first seen with mtime 1702018162.3082347
File D:\django projects\StreamersNews\venv\Lib\site-packages\rest_framework\templates\rest_framework\schema.js first seen with mtime 1702018162.3102896
File D:\django projects\StreamersNews\venv\Lib\site-packages\rest_framework\templates\rest_framework\vertical first seen with mtime 1702018162.361413
File D:\django projects\StreamersNews\venv\Lib\site-packages\rest_framework\templates\rest_framework\admin\detail.html first seen with mtime 1702018162.3115382
File D:\django projects\StreamersNews\venv\Lib\site-packages\rest_framework\templates\rest_framework\admin\dict_value.html first seen with mtime 1702018162.3115382
File D:\django projects\StreamersNews\venv\Lib\site-packages\rest_framework\templates\rest_framework\admin\list.html first seen with mtime 1702018162.312536
File D:\django projects\StreamersNews\venv\Lib\site-packages\rest_framework\templates\rest_framework\admin\list_value.html first seen with mtime 1702018162.3145921
File D:\django projects\StreamersNews\venv\Lib\site-packages\rest_framework\templates\rest_framework\admin\simple_list_value.html first seen with mtime 1702018162.3156688
File D:\django projects\StreamersNews\venv\Lib\site-packages\rest_framework\templates\rest_framework\docs\auth first seen with mtime 1702018162.3221636
File D:\django projects\StreamersNews\venv\Lib\site-packages\rest_framework\templates\rest_framework\docs\document.html first seen with mtime 1702018162.3166678
File D:\django projects\StreamersNews\venv\Lib\site-packages\rest_framework\templates\rest_framework\docs\error.html first seen with mtime 1702018162.3177226
File D:\django projects\StreamersNews\venv\Lib\site-packages\rest_framework\templates\rest_framework\docs\index.html first seen with mtime 1702018162.3177226
File D:\django projects\StreamersNews\venv\Lib\site-packages\rest_framework\templates\rest_framework\docs\interact.html first seen with mtime 1702018162.31872
File D:\django projects\StreamersNews\venv\Lib\site-packages\rest_framework\templates\rest_framework\docs\langs first seen with mtime 1702018162.327289
File D:\django projects\StreamersNews\venv\Lib\site-packages\rest_framework\templates\rest_framework\docs\link.html first seen with mtime 1702018162.31872
File D:\django projects\StreamersNews\venv\Lib\site-packages\rest_framework\templates\rest_framework\docs\sidebar.html first seen with mtime 1702018162.3197637
File D:\django projects\StreamersNews\venv\Lib\site-packages\rest_framework\templates\rest_framework\filters\base.html first seen with mtime 1702018162.3294241
File D:\django projects\StreamersNews\venv\Lib\site-packages\rest_framework\templates\rest_framework\filters\ordering.html first seen with mtime 1702018162.3304589
File D:\django projects\StreamersNews\venv\Lib\site-packages\rest_framework\templates\rest_framework\filters\search.html first seen with mtime 1702018162.3304925
File D:\django projects\StreamersNews\venv\Lib\site-packages\rest_framework\templates\rest_framework\horizontal\checkbox.html first seen with mtime 1702018162.3325565
File D:\django projects\StreamersNews\venv\Lib\site-packages\rest_framework\templates\rest_framework\horizontal\checkbox_multiple.html first seen with mtime 1702018162.3325565
File D:\django projects\StreamersNews\venv\Lib\site-packages\rest_framework\templates\rest_framework\horizontal\dict_field.html first seen with mtime 1702018162.3335557
File D:\django projects\StreamersNews\venv\Lib\site-packages\rest_framework\templates\rest_framework\horizontal\fieldset.html first seen with mtime 1702018162.3346167
File D:\django projects\StreamersNews\venv\Lib\site-packages\rest_framework\templates\rest_framework\horizontal\form.html first seen with mtime 1702018162.3356147
File D:\django projects\StreamersNews\venv\Lib\site-packages\rest_framework\templates\rest_framework\horizontal\input.html first seen with mtime 1702018162.3356147
File D:\django projects\StreamersNews\venv\Lib\site-packages\rest_framework\templates\rest_framework\horizontal\list_field.html first seen with mtime 1702018162.3366697
File D:\django projects\StreamersNews\venv\Lib\site-packages\rest_framework\templates\rest_framework\horizontal\list_fieldset.html first seen with mtime 1702018162.3376691
File D:\django projects\StreamersNews\venv\Lib\site-packages\rest_framework\templates\rest_framework\horizontal\radio.html first seen with mtime 1702018162.3387296
File D:\django projects\StreamersNews\venv\Lib\site-packages\rest_framework\templates\rest_framework\horizontal\select.html first seen with mtime 1702018162.3387296
File D:\django projects\StreamersNews\venv\Lib\site-packages\rest_framework\templates\rest_framework\horizontal\select_multiple.html first seen with mtime 1702018162.339727
File D:\django projects\StreamersNews\venv\Lib\site-packages\rest_framework\templates\rest_framework\horizontal\textarea.html first seen with mtime 1702018162.3408432
File D:\django projects\StreamersNews\venv\Lib\site-packages\rest_framework\templates\rest_framework\inline\checkbox.html first seen with mtime 1702018162.3408432
File D:\django projects\StreamersNews\venv\Lib\site-packages\rest_framework\templates\rest_framework\inline\checkbox_multiple.html first seen with mtime 1702018162.34184
File D:\django projects\StreamersNews\venv\Lib\site-packages\rest_framework\templates\rest_framework\inline\dict_field.html first seen with mtime 1702018162.3429196
File D:\django projects\StreamersNews\venv\Lib\site-packages\rest_framework\templates\rest_framework\inline\fieldset.html first seen with mtime 1702018162.3429196
File D:\django projects\StreamersNews\venv\Lib\site-packages\rest_framework\templates\rest_framework\inline\form.html first seen with mtime 1702018162.3439186
File D:\django projects\StreamersNews\venv\Lib\site-packages\rest_framework\templates\rest_framework\inline\input.html first seen with mtime 1702018162.3439186
File D:\django projects\StreamersNews\venv\Lib\site-packages\rest_framework\templates\rest_framework\inline\list_field.html first seen with mtime 1702018162.3459685
File D:\django projects\StreamersNews\venv\Lib\site-packages\rest_framework\templates\rest_framework\inline\list_fieldset.html first seen with mtime 1702018162.3459685
File D:\django projects\StreamersNews\venv\Lib\site-packages\rest_framework\templates\rest_framework\inline\radio.html first seen with mtime 1702018162.3470235
File D:\django projects\StreamersNews\venv\Lib\site-packages\rest_framework\templates\rest_framework\inline\select.html first seen with mtime 1702018162.3480217
File D:\django projects\StreamersNews\venv\Lib\site-packages\rest_framework\templates\rest_framework\inline\select_multiple.html first seen with mtime 1702018162.3490767
File D:\django projects\StreamersNews\venv\Lib\site-packages\rest_framework\templates\rest_framework\inline\textarea.html first seen with mtime 1702018162.3501337
File D:\django projects\StreamersNews\venv\Lib\site-packages\rest_framework\templates\rest_framework\pagination\numbers.html first seen with mtime 1702018162.3511312
File D:\django projects\StreamersNews\venv\Lib\site-packages\rest_framework\templates\rest_framework\pagination\previous_and_next.html first seen with mtime 1702018162.3521724
File D:\django projects\StreamersNews\venv\Lib\site-packages\rest_framework\templates\rest_framework\vertical\checkbox.html first seen with mtime 1702018162.3531704
File D:\django projects\StreamersNews\venv\Lib\site-packages\rest_framework\templates\rest_framework\vertical\checkbox_multiple.html first seen with mtime 1702018162.3531704
File D:\django projects\StreamersNews\venv\Lib\site-packages\rest_framework\templates\rest_framework\vertical\dict_field.html first seen with mtime 1702018162.3542347
File D:\django projects\StreamersNews\venv\Lib\site-packages\rest_framework\templates\rest_framework\vertical\fieldset.html first seen with mtime 1702018162.3552322
File D:\django projects\StreamersNews\venv\Lib\site-packages\rest_framework\templates\rest_framework\vertical\form.html first seen with mtime 1702018162.3562896
File D:\django projects\StreamersNews\venv\Lib\site-packages\rest_framework\templates\rest_framework\vertical\input.html first seen with mtime 1702018162.3562896
File D:\django projects\StreamersNews\venv\Lib\site-packages\rest_framework\templates\rest_framework\vertical\list_field.html first seen with mtime 1702018162.3572874
File D:\django projects\StreamersNews\venv\Lib\site-packages\rest_framework\templates\rest_framework\vertical\list_fieldset.html first seen with mtime 1702018162.3583434
File D:\django projects\StreamersNews\venv\Lib\site-packages\rest_framework\templates\rest_framework\vertical\radio.html first seen with mtime 1702018162.3593414
File D:\django projects\StreamersNews\venv\Lib\site-packages\rest_framework\templates\rest_framework\vertical\select.html first seen with mtime 1702018162.3604155
File D:\django projects\StreamersNews\venv\Lib\site-packages\rest_framework\templates\rest_framework\vertical\select_multiple.html first seen with mtime 1702018162.361413
File D:\django projects\StreamersNews\venv\Lib\site-packages\rest_framework\templates\rest_framework\vertical\textarea.html first seen with mtime 1702018162.361413
File D:\django projects\StreamersNews\venv\Lib\site-packages\rest_framework\templates\rest_framework\docs\auth\basic.html first seen with mtime 1702018162.320763
File D:\django projects\StreamersNews\venv\Lib\site-packages\rest_framework\templates\rest_framework\docs\auth\session.html first seen with mtime 1702018162.3221636
File D:\django projects\StreamersNews\venv\Lib\site-packages\rest_framework\templates\rest_framework\docs\auth\token.html first seen with mtime 1702018162.323161
File D:\django projects\StreamersNews\venv\Lib\site-packages\rest_framework\templates\rest_framework\docs\langs\javascript-intro.html first seen with mtime 1702018162.3242214
File D:\django projects\StreamersNews\venv\Lib\site-packages\rest_framework\templates\rest_framework\docs\langs\javascript.html first seen with mtime 1702018162.3242214
File D:\django projects\StreamersNews\venv\Lib\site-packages\rest_framework\templates\rest_framework\docs\langs\python-intro.html first seen with mtime 1702018162.3252192
File D:\django projects\StreamersNews\venv\Lib\site-packages\rest_framework\templates\rest_framework\docs\langs\python.html first seen with mtime 1702018162.32629
File D:\django projects\StreamersNews\venv\Lib\site-packages\rest_framework\templates\rest_framework\docs\langs\shell-intro.html first seen with mtime 1702018162.327289
File D:\django projects\StreamersNews\venv\Lib\site-packages\rest_framework\templates\rest_framework\docs\langs\shell.html first seen with mtime 1702018162.3284264
File D:\django projects\StreamersNews\venv\Lib\site-packages\rest_framework\locale\ach\LC_MESSAGES\django.mo first seen with mtime 1702018162.1704805
File D:\django projects\StreamersNews\venv\Lib\site-packages\rest_framework\locale\ar\LC_MESSAGES\django.mo first seen with mtime 1702018162.1725492
File D:\django projects\StreamersNews\venv\Lib\site-packages\rest_framework\locale\az\LC_MESSAGES\django.mo first seen with mtime 1702018162.1735477
File D:\django projects\StreamersNews\venv\Lib\site-packages\rest_framework\locale\be\LC_MESSAGES\django.mo first seen with mtime 1702018162.1746156
File D:\django projects\StreamersNews\venv\Lib\site-packages\rest_framework\locale\bg\LC_MESSAGES\django.mo first seen with mtime 1702018162.1766744
File D:\django projects\StreamersNews\venv\Lib\site-packages\rest_framework\locale\ca\LC_MESSAGES\django.mo first seen with mtime 1702018162.177673
File D:\django projects\StreamersNews\venv\Lib\site-packages\rest_framework\locale\ca_ES\LC_MESSAGES\django.mo first seen with mtime 1702018162.1787548
File D:\django projects\StreamersNews\venv\Lib\site-packages\rest_framework\locale\cs\LC_MESSAGES\django.mo first seen with mtime 1702018162.1808226
File D:\django projects\StreamersNews\venv\Lib\site-packages\rest_framework\locale\da\LC_MESSAGES\django.mo first seen with mtime 1702018162.1818757
File D:\django projects\StreamersNews\venv\Lib\site-packages\rest_framework\locale\de\LC_MESSAGES\django.mo first seen with mtime 1702018162.1828742
File D:\django projects\StreamersNews\venv\Lib\site-packages\rest_framework\locale\el\LC_MESSAGES\django.mo first seen with mtime 1702018162.184991
File D:\django projects\StreamersNews\venv\Lib\site-packages\rest_framework\locale\el_GR\LC_MESSAGES\django.mo first seen with mtime 1702018162.186056
File D:\django projects\StreamersNews\venv\Lib\site-packages\rest_framework\locale\en\LC_MESSAGES\django.mo first seen with mtime 1702018162.1881156
File D:\django projects\StreamersNews\venv\Lib\site-packages\rest_framework\locale\en_AU\LC_MESSAGES\django.mo first seen with mtime 1702018162.1891134
File D:\django projects\StreamersNews\venv\Lib\site-packages\rest_framework\locale\en_CA\LC_MESSAGES\django.mo first seen with mtime 1702018162.1911583
File D:\django projects\StreamersNews\venv\Lib\site-packages\rest_framework\locale\en_US\LC_MESSAGES\django.mo first seen with mtime 1702018162.1922355
File D:\django projects\StreamersNews\venv\Lib\site-packages\rest_framework\locale\es\LC_MESSAGES\django.mo first seen with mtime 1702018162.1932335
File D:\django projects\StreamersNews\venv\Lib\site-packages\rest_framework\locale\et\LC_MESSAGES\django.mo first seen with mtime 1702018162.1952894
File D:\django projects\StreamersNews\venv\Lib\site-packages\rest_framework\locale\fa\LC_MESSAGES\django.mo first seen with mtime 1702018162.1963491
File D:\django projects\StreamersNews\venv\Lib\site-packages\rest_framework\locale\fa_IR\LC_MESSAGES\django.mo first seen with mtime 1702018162.197405
File D:\django projects\StreamersNews\venv\Lib\site-packages\rest_framework\locale\fi\LC_MESSAGES\django.mo first seen with mtime 1702018162.1994724
File D:\django projects\StreamersNews\venv\Lib\site-packages\rest_framework\locale\fr\LC_MESSAGES\django.mo first seen with mtime 1702018162.2015336
File D:\django projects\StreamersNews\venv\Lib\site-packages\rest_framework\locale\fr_CA\LC_MESSAGES\django.mo first seen with mtime 1702018162.20356
File D:\django projects\StreamersNews\venv\Lib\site-packages\rest_framework\locale\gl\LC_MESSAGES\django.mo first seen with mtime 1702018162.204588
File D:\django projects\StreamersNews\venv\Lib\site-packages\rest_framework\locale\gl_ES\LC_MESSAGES\django.mo first seen with mtime 1702018162.2056696
File D:\django projects\StreamersNews\venv\Lib\site-packages\rest_framework\locale\he_IL\LC_MESSAGES\django.mo first seen with mtime 1702018162.2066684
File D:\django projects\StreamersNews\venv\Lib\site-packages\rest_framework\locale\hu\LC_MESSAGES\django.mo first seen with mtime 1702018162.2087276
File D:\django projects\StreamersNews\venv\Lib\site-packages\rest_framework\locale\hy\LC_MESSAGES\django.mo first seen with mtime 1702018162.2097833
File D:\django projects\StreamersNews\venv\Lib\site-packages\rest_framework\locale\id\LC_MESSAGES\django.mo first seen with mtime 1702018162.2107818
File D:\django projects\StreamersNews\venv\Lib\site-packages\rest_framework\locale\it\LC_MESSAGES\django.mo first seen with mtime 1702018162.212837
File D:\django projects\StreamersNews\venv\Lib\site-packages\rest_framework\locale\ja\LC_MESSAGES\django.mo first seen with mtime 1702018162.2148976
File D:\django projects\StreamersNews\venv\Lib\site-packages\rest_framework\locale\ko_KR\LC_MESSAGES\django.mo first seen with mtime 1702018162.216961
File D:\django projects\StreamersNews\venv\Lib\site-packages\rest_framework\locale\lt\LC_MESSAGES\django.mo first seen with mtime 1702018162.218011
File D:\django projects\StreamersNews\venv\Lib\site-packages\rest_framework\locale\lv\LC_MESSAGES\django.mo first seen with mtime 1702018162.2200682
File D:\django projects\StreamersNews\venv\Lib\site-packages\rest_framework\locale\mk\LC_MESSAGES\django.mo first seen with mtime 1702018162.221067
File D:\django projects\StreamersNews\venv\Lib\site-packages\rest_framework\locale\nb\LC_MESSAGES\django.mo first seen with mtime 1702018162.2231288
File D:\django projects\StreamersNews\venv\Lib\site-packages\rest_framework\locale\ne_NP\LC_MESSAGES\django.mo first seen with mtime 1702018162.2241924
File D:\django projects\StreamersNews\venv\Lib\site-packages\rest_framework\locale\nl\LC_MESSAGES\django.mo first seen with mtime 1702018162.2262545
File D:\django projects\StreamersNews\venv\Lib\site-packages\rest_framework\locale\nn\LC_MESSAGES\django.mo first seen with mtime 1702018162.227252
File D:\django projects\StreamersNews\venv\Lib\site-packages\rest_framework\locale\no\LC_MESSAGES\django.mo first seen with mtime 1702018162.2283115
File D:\django projects\StreamersNews\venv\Lib\site-packages\rest_framework\locale\pl\LC_MESSAGES\django.mo first seen with mtime 1702018162.2303798
File D:\django projects\StreamersNews\venv\Lib\site-packages\rest_framework\locale\pt\LC_MESSAGES\django.mo first seen with mtime 1702018162.2313783
File D:\django projects\StreamersNews\venv\Lib\site-packages\rest_framework\locale\pt_BR\LC_MESSAGES\django.mo first seen with mtime 1702018162.2324429
File D:\django projects\StreamersNews\venv\Lib\site-packages\rest_framework\locale\pt_PT\LC_MESSAGES\django.mo first seen with mtime 1702018162.2334404
File D:\django projects\StreamersNews\venv\Lib\site-packages\rest_framework\locale\ro\LC_MESSAGES\django.mo first seen with mtime 1702018162.2344866
File D:\django projects\StreamersNews\venv\Lib\site-packages\rest_framework\locale\ru\LC_MESSAGES\django.mo first seen with mtime 1702018162.2365563
File D:\django projects\StreamersNews\venv\Lib\site-packages\rest_framework\locale\ru_RU\LC_MESSAGES\django.mo first seen with mtime 1702018162.2375553
File D:\django projects\StreamersNews\venv\Lib\site-packages\rest_framework\locale\sk\LC_MESSAGES\django.mo first seen with mtime 1702018162.2386107
File D:\django projects\StreamersNews\venv\Lib\site-packages\rest_framework\locale\sl\LC_MESSAGES\django.mo first seen with mtime 1702018162.2396097
File D:\django projects\StreamersNews\venv\Lib\site-packages\rest_framework\locale\sv\LC_MESSAGES\django.mo first seen with mtime 1702018162.2406695
File D:\django projects\StreamersNews\venv\Lib\site-packages\rest_framework\locale\th\LC_MESSAGES\django.mo first seen with mtime 1702018162.242724
File D:\django projects\StreamersNews\venv\Lib\site-packages\rest_framework\locale\tr\LC_MESSAGES\django.mo first seen with mtime 1702018162.243722
File D:\django projects\StreamersNews\venv\Lib\site-packages\rest_framework\locale\tr_TR\LC_MESSAGES\django.mo first seen with mtime 1702018162.244781
File D:\django projects\StreamersNews\venv\Lib\site-packages\rest_framework\locale\uk\LC_MESSAGES\django.mo first seen with mtime 1702018162.2457786
File D:\django projects\StreamersNews\venv\Lib\site-packages\rest_framework\locale\vi\LC_MESSAGES\django.mo first seen with mtime 1702018162.24684
File D:\django projects\StreamersNews\venv\Lib\site-packages\rest_framework\locale\zh_CN\LC_MESSAGES\django.mo first seen with mtime 1702018162.2478375
File D:\django projects\StreamersNews\venv\Lib\site-packages\rest_framework\locale\zh_Hans\LC_MESSAGES\django.mo first seen with mtime 1702018162.2493763
File D:\django projects\StreamersNews\venv\Lib\site-packages\rest_framework\locale\zh_Hant\LC_MESSAGES\django.mo first seen with mtime 1702018162.250375
File D:\django projects\StreamersNews\venv\Lib\site-packages\rest_framework\locale\zh_TW\LC_MESSAGES\django.mo first seen with mtime 1702018162.2514281
File D:\django projects\StreamersNews\venv\Lib\site-packages\django\contrib\contenttypes\migrations\0002_remove_content_type_name.py first seen with mtime 1702018136.8253906
File D:\django projects\StreamersNews\venv\Lib\site-packages\django\contrib\admin\migrations\0001_initial.py first seen with mtime 1702018135.9360693
File D:\django projects\StreamersNews\StreamerNews\StreamerNews\wsgi.py first seen with mtime 1701946524.1902082
File D:\django projects\StreamersNews\StreamerNews\News\migrations\0001_initial.py first seen with mtime 1701947227.857206
File D:\django projects\StreamersNews\StreamerNews\News\migrations\0003_news_category.py first seen with mtime 1701952191.0236733
File D:\django projects\StreamersNews\venv\Lib\site-packages\django\contrib\admin\migrations\__init__.py first seen with mtime 1702018135.9371266
File D:\django projects\StreamersNews\StreamerNews\News\migrations\0006_category_remove_news_category.py first seen with mtime 1701956717.1117928
File D:\django projects\StreamersNews\venv\Lib\site-packages\django\contrib\contenttypes\migrations\0001_initial.py first seen with mtime 1702018136.824349
File D:\django projects\StreamersNews\venv\Lib\site-packages\django\db\migrations\loader.py first seen with mtime 1702018138.9951458
File D:\django projects\StreamersNews\venv\Lib\site-packages\django\contrib\auth\migrations\0007_alter_validators_add_error_messages.py first seen with mtime 1702018136.6325006
File D:\django projects\StreamersNews\venv\Lib\site-packages\django\contrib\contenttypes\migrations\__init__.py first seen with mtime 1702018136.8253906
File D:\django projects\StreamersNews\venv\Lib\site-packages\django\contrib\auth\migrations\0009_alter_user_last_name_max_length.py first seen with mtime 1702018136.6345384
File D:\django projects\StreamersNews\StreamerNews\News\migrations\0005_alter_news_author_usernewsrelation_news_readers.py first seen with mtime 1701954171.9555967
File D:\django projects\StreamersNews\venv\Lib\site-packages\django\contrib\sessions\migrations\0001_initial.py first seen with mtime 1702018138.560746
File D:\django projects\StreamersNews\venv\Lib\site-packages\django\contrib\admin\migrations\0002_logentry_remove_auto_add.py first seen with mtime 1702018135.9371266
File D:\django projects\StreamersNews\venv\Lib\site-packages\django\db\models\sql\compiler.py first seen with mtime 1702018139.050044
File D:\django projects\StreamersNews\venv\Lib\site-packages\django\contrib\auth\migrations\0006_require_contenttypes_0002.py first seen with mtime 1702018136.6324325
File D:\django projects\StreamersNews\venv\Lib\site-packages\django\contrib\admin\migrations\0003_logentry_add_action_flag_choices.py first seen with mtime 1702018135.9371266
File D:\django projects\StreamersNews\StreamerNews\News\migrations\0002_alter_news_content.py first seen with mtime 1701947666.5104084
File D:\django projects\StreamersNews\venv\Lib\site-packages\django\contrib\auth\migrations\__init__.py first seen with mtime 1702018136.637596
File D:\django projects\StreamersNews\venv\Lib\site-packages\django\contrib\auth\migrations\0010_alter_group_name_max_length.py first seen with mtime 1702018136.6355364
File D:\django projects\StreamersNews\venv\Lib\site-packages\django\contrib\auth\migrations\0004_alter_user_username_opts.py first seen with mtime 1702018136.630437
File D:\django projects\StreamersNews\venv\Lib\site-packages\django\contrib\auth\migrations\0011_update_proxy_permissions.py first seen with mtime 1702018136.6365974
File D:\django projects\StreamersNews\venv\Lib\site-packages\django\contrib\auth\migrations\0012_alter_user_first_name_max_length.py first seen with mtime 1702018136.637596
File D:\django projects\StreamersNews\StreamerNews\News\migrations\0007_news_category.py first seen with mtime 1701956926.2197895
File D:\django projects\StreamersNews\venv\Lib\site-packages\django\contrib\auth\migrations\0002_alter_permission_name_max_length.py first seen with mtime 1702018136.6283784
File D:\django projects\StreamersNews\StreamerNews\News\migrations\0004_alter_news_category.py first seen with mtime 1701952299.773053
File D:\django projects\StreamersNews\venv\Lib\site-packages\django\contrib\auth\migrations\0003_alter_user_email_max_length.py first seen with mtime 1702018136.6293762
File D:\django projects\StreamersNews\venv\Lib\site-packages\django\db\migrations\executor.py first seen with mtime 1702018138.9930294
File D:\django projects\StreamersNews\venv\Lib\site-packages\django\db\migrations\graph.py first seen with mtime 1702018138.9940822
File C:\Users\Acer\AppData\Local\Programs\Python\Python312\Lib\encodings\idna.py first seen with mtime 1701976814.0
File D:\django projects\StreamersNews\venv\Lib\site-packages\django\contrib\auth\migrations\0005_alter_user_last_login_null.py first seen with mtime 1702018136.631435
File D:\django projects\StreamersNews\venv\Lib\site-packages\django\contrib\sessions\migrations\__init__.py first seen with mtime 1702018138.561771
File D:\django projects\StreamersNews\StreamerNews\News\migrations\__init__.py first seen with mtime 1701946711.8988268
File C:\Users\Acer\AppData\Local\Programs\Python\Python312\Lib\stringprep.py first seen with mtime 1701976814.0
File D:\django projects\StreamersNews\venv\Lib\site-packages\django\contrib\auth\migrations\0008_alter_user_username_max_length.py first seen with mtime 1702018136.634496
File D:\django projects\StreamersNews\venv\Lib\site-packages\django\db\migrations\recorder.py first seen with mtime 1702018139.0003865
File D:\django projects\StreamersNews\StreamerNews\News\migrations\0008_alter_news_options_news_img.py first seen with mtime 1701960622.9877374
File D:\django projects\StreamersNews\venv\Lib\site-packages\django\middleware\clickjacking.py first seen with mtime 1702018139.176376
File D:\django projects\StreamersNews\venv\Lib\site-packages\django\contrib\auth\migrations\0001_initial.py first seen with mtime 1702018136.6273162
File D:\django projects\StreamersNews\venv\Lib\site-packages\django\contrib\sessions\backends\db.py first seen with mtime 1702018138.370714
(0.000) SELECT "django_session"."session_key", "django_session"."session_data", "django_session"."expire_date" FROM "django_session" WHERE ("django_session"."expire_date" > '2023-12-08 07:25:23.220965' AND "django_session"."session_key" = 'y0yu1mayt26whoow7ijwrlo9gmg89z9w') LIMIT 21; args=('2023-12-08 07:25:23.220965', 'y0yu1mayt26whoow7ijwrlo9gmg89z9w'); alias=default
(0.000) SELECT "auth_user"."id", "auth_user"."password", "auth_user"."last_login", "auth_user"."is_superuser", "auth_user"."username", "auth_user"."first_name", "auth_user"."last_name", "auth_user"."email", "auth_user"."is_staff", "auth_user"."is_active", "auth_user"."date_joined" FROM "auth_user" WHERE "auth_user"."id" = 1 LIMIT 21; args=(1,); alias=default
(0.000) SELECT "News_news"."id", "News_news"."title", "News_news"."content", "News_news"."author_id", "News_news"."category_id", "News_news"."img" FROM "News_news"; args=(); alias=default
(0.000) SELECT "auth_user"."id", "auth_user"."password", "auth_user"."last_login", "auth_user"."is_superuser", "auth_user"."username", "auth_user"."first_name", "auth_user"."last_name", "auth_user"."email", "auth_user"."is_staff", "auth_user"."is_active", "auth_user"."date_joined" FROM "auth_user" INNER JOIN "News_usernewsrelation" ON ("auth_user"."id" = "News_usernewsrelation"."user_id") WHERE "News_usernewsrelation"."news_id" = 2; args=(2,); alias=default
(0.000) SELECT "auth_user"."id", "auth_user"."password", "auth_user"."last_login", "auth_user"."is_superuser", "auth_user"."username", "auth_user"."first_name", "auth_user"."last_name", "auth_user"."email", "auth_user"."is_staff", "auth_user"."is_active", "auth_user"."date_joined" FROM "auth_user" INNER JOIN "News_usernewsrelation" ON ("auth_user"."id" = "News_usernewsrelation"."user_id") WHERE "News_usernewsrelation"."news_id" = 4; args=(4,); alias=default
(0.000) SELECT "auth_user"."id", "auth_user"."password", "auth_user"."last_login", "auth_user"."is_superuser", "auth_user"."username", "auth_user"."first_name", "auth_user"."last_name", "auth_user"."email", "auth_user"."is_staff", "auth_user"."is_active", "auth_user"."date_joined" FROM "auth_user" INNER JOIN "News_usernewsrelation" ON ("auth_user"."id" = "News_usernewsrelation"."user_id") WHERE "News_usernewsrelation"."news_id" = 5; args=(5,); alias=default
(0.000) SELECT "auth_user"."id", "auth_user"."password", "auth_user"."last_login", "auth_user"."is_superuser", "auth_user"."username", "auth_user"."first_name", "auth_user"."last_name", "auth_user"."email", "auth_user"."is_staff", "auth_user"."is_active", "auth_user"."date_joined" FROM "auth_user" INNER JOIN "News_usernewsrelation" ON ("auth_user"."id" = "News_usernewsrelation"."user_id") WHERE "News_usernewsrelation"."news_id" = 6; args=(6,); alias=default
(0.000) SELECT "auth_user"."id", "auth_user"."password", "auth_user"."last_login", "auth_user"."is_superuser", "auth_user"."username", "auth_user"."first_name", "auth_user"."last_name", "auth_user"."email", "auth_user"."is_staff", "auth_user"."is_active", "auth_user"."date_joined" FROM "auth_user" INNER JOIN "News_usernewsrelation" ON ("auth_user"."id" = "News_usernewsrelation"."user_id") WHERE "News_usernewsrelation"."news_id" = 7; args=(7,); alias=default
Exception while resolving variable 'hide_label' in template 'rest_framework/horizontal/input.html'.
Traceback (most recent call last):
  File "D:\django projects\StreamersNews\venv\Lib\site-packages\django\template\base.py", line 875, in _resolve_lookup
    current = current[bit]
              ~~~~~~~^^^^^
KeyError: 'hide_label'

During handling of the above exception, another exception occurred:

Traceback (most recent call last):
  File "D:\django projects\StreamersNews\venv\Lib\site-packages\django\template\base.py", line 885, in _resolve_lookup
    current = getattr(current, bit)
              ^^^^^^^^^^^^^^^^^^^^^
AttributeError: 'dict' object has no attribute 'hide_label'

During handling of the above exception, another exception occurred:

Traceback (most recent call last):
  File "D:\django projects\StreamersNews\venv\Lib\site-packages\django\template\base.py", line 891, in _resolve_lookup
    current = current[int(bit)]
                      ^^^^^^^^
ValueError: invalid literal for int() with base 10: 'hide_label'

During handling of the above exception, another exception occurred:

Traceback (most recent call last):
  File "D:\django projects\StreamersNews\venv\Lib\site-packages\django\template\base.py", line 898, in _resolve_lookup
    raise VariableDoesNotExist(
django.template.base.VariableDoesNotExist: Failed lookup for key [hide_label] in {'base_template': 'input.html', 'input_type': 'text', 'template_pack': 'rest_framework/horizontal', 'renderer': <rest_framework.renderers.HTMLFormRenderer object at 0x0000015348984E60>}
Exception while resolving variable 'placeholder' in template 'rest_framework/horizontal/input.html'.
Traceback (most recent call last):
  File "D:\django projects\StreamersNews\venv\Lib\site-packages\django\template\base.py", line 875, in _resolve_lookup
    current = current[bit]
              ~~~~~~~^^^^^
KeyError: 'placeholder'

During handling of the above exception, another exception occurred:

Traceback (most recent call last):
  File "D:\django projects\StreamersNews\venv\Lib\site-packages\django\template\base.py", line 885, in _resolve_lookup
    current = getattr(current, bit)
              ^^^^^^^^^^^^^^^^^^^^^
AttributeError: 'dict' object has no attribute 'placeholder'

During handling of the above exception, another exception occurred:

Traceback (most recent call last):
  File "D:\django projects\StreamersNews\venv\Lib\site-packages\django\template\base.py", line 891, in _resolve_lookup
    current = current[int(bit)]
                      ^^^^^^^^
ValueError: invalid literal for int() with base 10: 'placeholder'

During handling of the above exception, another exception occurred:

Traceback (most recent call last):
  File "D:\django projects\StreamersNews\venv\Lib\site-packages\django\template\base.py", line 898, in _resolve_lookup
    raise VariableDoesNotExist(
django.template.base.VariableDoesNotExist: Failed lookup for key [placeholder] in {'base_template': 'input.html', 'input_type': 'text', 'template_pack': 'rest_framework/horizontal', 'renderer': <rest_framework.renderers.HTMLFormRenderer object at 0x0000015348984E60>}
Exception while resolving variable 'autofocus' in template 'rest_framework/horizontal/input.html'.
Traceback (most recent call last):
  File "D:\django projects\StreamersNews\venv\Lib\site-packages\django\template\base.py", line 875, in _resolve_lookup
    current = current[bit]
              ~~~~~~~^^^^^
KeyError: 'autofocus'

During handling of the above exception, another exception occurred:

Traceback (most recent call last):
  File "D:\django projects\StreamersNews\venv\Lib\site-packages\django\template\base.py", line 885, in _resolve_lookup
    current = getattr(current, bit)
              ^^^^^^^^^^^^^^^^^^^^^
AttributeError: 'dict' object has no attribute 'autofocus'

During handling of the above exception, another exception occurred:

Traceback (most recent call last):
  File "D:\django projects\StreamersNews\venv\Lib\site-packages\django\template\base.py", line 891, in _resolve_lookup
    current = current[int(bit)]
                      ^^^^^^^^
ValueError: invalid literal for int() with base 10: 'autofocus'

During handling of the above exception, another exception occurred:

Traceback (most recent call last):
  File "D:\django projects\StreamersNews\venv\Lib\site-packages\django\template\base.py", line 898, in _resolve_lookup
    raise VariableDoesNotExist(
django.template.base.VariableDoesNotExist: Failed lookup for key [autofocus] in {'base_template': 'input.html', 'input_type': 'text', 'template_pack': 'rest_framework/horizontal', 'renderer': <rest_framework.renderers.HTMLFormRenderer object at 0x0000015348984E60>}
Exception while resolving variable 'hide_label' in template 'rest_framework/horizontal/textarea.html'.
Traceback (most recent call last):
  File "D:\django projects\StreamersNews\venv\Lib\site-packages\django\template\base.py", line 875, in _resolve_lookup
    current = current[bit]
              ~~~~~~~^^^^^
KeyError: 'hide_label'

During handling of the above exception, another exception occurred:

Traceback (most recent call last):
  File "D:\django projects\StreamersNews\venv\Lib\site-packages\django\template\base.py", line 885, in _resolve_lookup
    current = getattr(current, bit)
              ^^^^^^^^^^^^^^^^^^^^^
AttributeError: 'dict' object has no attribute 'hide_label'

During handling of the above exception, another exception occurred:

Traceback (most recent call last):
  File "D:\django projects\StreamersNews\venv\Lib\site-packages\django\template\base.py", line 891, in _resolve_lookup
    current = current[int(bit)]
                      ^^^^^^^^
ValueError: invalid literal for int() with base 10: 'hide_label'

During handling of the above exception, another exception occurred:

Traceback (most recent call last):
  File "D:\django projects\StreamersNews\venv\Lib\site-packages\django\template\base.py", line 898, in _resolve_lookup
    raise VariableDoesNotExist(
django.template.base.VariableDoesNotExist: Failed lookup for key [hide_label] in {'base_template': 'textarea.html', 'input_type': 'text', 'template_pack': 'rest_framework/horizontal', 'renderer': <rest_framework.renderers.HTMLFormRenderer object at 0x0000015348984E60>}
Exception while resolving variable 'placeholder' in template 'rest_framework/horizontal/textarea.html'.
Traceback (most recent call last):
  File "D:\django projects\StreamersNews\venv\Lib\site-packages\django\template\base.py", line 875, in _resolve_lookup
    current = current[bit]
              ~~~~~~~^^^^^
KeyError: 'placeholder'

During handling of the above exception, another exception occurred:

Traceback (most recent call last):
  File "D:\django projects\StreamersNews\venv\Lib\site-packages\django\template\base.py", line 885, in _resolve_lookup
    current = getattr(current, bit)
              ^^^^^^^^^^^^^^^^^^^^^
AttributeError: 'dict' object has no attribute 'placeholder'

During handling of the above exception, another exception occurred:

Traceback (most recent call last):
  File "D:\django projects\StreamersNews\venv\Lib\site-packages\django\template\base.py", line 891, in _resolve_lookup
    current = current[int(bit)]
                      ^^^^^^^^
ValueError: invalid literal for int() with base 10: 'placeholder'

During handling of the above exception, another exception occurred:

Traceback (most recent call last):
  File "D:\django projects\StreamersNews\venv\Lib\site-packages\django\template\base.py", line 898, in _resolve_lookup
    raise VariableDoesNotExist(
django.template.base.VariableDoesNotExist: Failed lookup for key [placeholder] in {'base_template': 'textarea.html', 'input_type': 'text', 'template_pack': 'rest_framework/horizontal', 'renderer': <rest_framework.renderers.HTMLFormRenderer object at 0x0000015348984E60>}
Exception while resolving variable 'rows' in template 'rest_framework/horizontal/textarea.html'.
Traceback (most recent call last):
  File "D:\django projects\StreamersNews\venv\Lib\site-packages\django\template\base.py", line 875, in _resolve_lookup
    current = current[bit]
              ~~~~~~~^^^^^
KeyError: 'rows'

During handling of the above exception, another exception occurred:

Traceback (most recent call last):
  File "D:\django projects\StreamersNews\venv\Lib\site-packages\django\template\base.py", line 885, in _resolve_lookup
    current = getattr(current, bit)
              ^^^^^^^^^^^^^^^^^^^^^
AttributeError: 'dict' object has no attribute 'rows'

During handling of the above exception, another exception occurred:

Traceback (most recent call last):
  File "D:\django projects\StreamersNews\venv\Lib\site-packages\django\template\base.py", line 891, in _resolve_lookup
    current = current[int(bit)]
                      ^^^^^^^^
ValueError: invalid literal for int() with base 10: 'rows'

During handling of the above exception, another exception occurred:

Traceback (most recent call last):
  File "D:\django projects\StreamersNews\venv\Lib\site-packages\django\template\base.py", line 898, in _resolve_lookup
    raise VariableDoesNotExist(
django.template.base.VariableDoesNotExist: Failed lookup for key [rows] in {'base_template': 'textarea.html', 'input_type': 'text', 'template_pack': 'rest_framework/horizontal', 'renderer': <rest_framework.renderers.HTMLFormRenderer object at 0x0000015348984E60>}
Exception while resolving variable 'hide_label' in template 'rest_framework/horizontal/input.html'.
Traceback (most recent call last):
  File "D:\django projects\StreamersNews\venv\Lib\site-packages\django\template\base.py", line 875, in _resolve_lookup
    current = current[bit]
              ~~~~~~~^^^^^
KeyError: 'hide_label'

During handling of the above exception, another exception occurred:

Traceback (most recent call last):
  File "D:\django projects\StreamersNews\venv\Lib\site-packages\django\template\base.py", line 885, in _resolve_lookup
    current = getattr(current, bit)
              ^^^^^^^^^^^^^^^^^^^^^
AttributeError: 'dict' object has no attribute 'hide_label'

During handling of the above exception, another exception occurred:

Traceback (most recent call last):
  File "D:\django projects\StreamersNews\venv\Lib\site-packages\django\template\base.py", line 891, in _resolve_lookup
    current = current[int(bit)]
                      ^^^^^^^^
ValueError: invalid literal for int() with base 10: 'hide_label'

During handling of the above exception, another exception occurred:

Traceback (most recent call last):
  File "D:\django projects\StreamersNews\venv\Lib\site-packages\django\template\base.py", line 898, in _resolve_lookup
    raise VariableDoesNotExist(
django.template.base.VariableDoesNotExist: Failed lookup for key [hide_label] in {'base_template': 'input.html', 'input_type': 'file', 'template_pack': 'rest_framework/horizontal', 'renderer': <rest_framework.renderers.HTMLFormRenderer object at 0x0000015348984E60>}
Exception while resolving variable 'placeholder' in template 'rest_framework/horizontal/input.html'.
Traceback (most recent call last):
  File "D:\django projects\StreamersNews\venv\Lib\site-packages\django\template\base.py", line 875, in _resolve_lookup
    current = current[bit]
              ~~~~~~~^^^^^
KeyError: 'placeholder'

During handling of the above exception, another exception occurred:

Traceback (most recent call last):
  File "D:\django projects\StreamersNews\venv\Lib\site-packages\django\template\base.py", line 885, in _resolve_lookup
    current = getattr(current, bit)
              ^^^^^^^^^^^^^^^^^^^^^
AttributeError: 'dict' object has no attribute 'placeholder'

During handling of the above exception, another exception occurred:

Traceback (most recent call last):
  File "D:\django projects\StreamersNews\venv\Lib\site-packages\django\template\base.py", line 891, in _resolve_lookup
    current = current[int(bit)]
                      ^^^^^^^^
ValueError: invalid literal for int() with base 10: 'placeholder'

During handling of the above exception, another exception occurred:

Traceback (most recent call last):
  File "D:\django projects\StreamersNews\venv\Lib\site-packages\django\template\base.py", line 898, in _resolve_lookup
    raise VariableDoesNotExist(
django.template.base.VariableDoesNotExist: Failed lookup for key [placeholder] in {'base_template': 'input.html', 'input_type': 'file', 'template_pack': 'rest_framework/horizontal', 'renderer': <rest_framework.renderers.HTMLFormRenderer object at 0x0000015348984E60>}
Exception while resolving variable 'autofocus' in template 'rest_framework/horizontal/input.html'.
Traceback (most recent call last):
  File "D:\django projects\StreamersNews\venv\Lib\site-packages\django\template\base.py", line 875, in _resolve_lookup
    current = current[bit]
              ~~~~~~~^^^^^
KeyError: 'autofocus'

During handling of the above exception, another exception occurred:

Traceback (most recent call last):
  File "D:\django projects\StreamersNews\venv\Lib\site-packages\django\template\base.py", line 885, in _resolve_lookup
    current = getattr(current, bit)
              ^^^^^^^^^^^^^^^^^^^^^
AttributeError: 'dict' object has no attribute 'autofocus'

During handling of the above exception, another exception occurred:

Traceback (most recent call last):
  File "D:\django projects\StreamersNews\venv\Lib\site-packages\django\template\base.py", line 891, in _resolve_lookup
    current = current[int(bit)]
                      ^^^^^^^^
ValueError: invalid literal for int() with base 10: 'autofocus'

During handling of the above exception, another exception occurred:

Traceback (most recent call last):
  File "D:\django projects\StreamersNews\venv\Lib\site-packages\django\template\base.py", line 898, in _resolve_lookup
    raise VariableDoesNotExist(
django.template.base.VariableDoesNotExist: Failed lookup for key [autofocus] in {'base_template': 'input.html', 'input_type': 'file', 'template_pack': 'rest_framework/horizontal', 'renderer': <rest_framework.renderers.HTMLFormRenderer object at 0x0000015348984E60>}
Exception while resolving variable 'hide_label' in template 'rest_framework/horizontal/select.html'.
Traceback (most recent call last):
  File "D:\django projects\StreamersNews\venv\Lib\site-packages\django\template\base.py", line 875, in _resolve_lookup
    current = current[bit]
              ~~~~~~~^^^^^
KeyError: 'hide_label'

During handling of the above exception, another exception occurred:

Traceback (most recent call last):
  File "D:\django projects\StreamersNews\venv\Lib\site-packages\django\template\base.py", line 885, in _resolve_lookup
    current = getattr(current, bit)
              ^^^^^^^^^^^^^^^^^^^^^
AttributeError: 'dict' object has no attribute 'hide_label'

During handling of the above exception, another exception occurred:

Traceback (most recent call last):
  File "D:\django projects\StreamersNews\venv\Lib\site-packages\django\template\base.py", line 891, in _resolve_lookup
    current = current[int(bit)]
                      ^^^^^^^^
ValueError: invalid literal for int() with base 10: 'hide_label'

During handling of the above exception, another exception occurred:

Traceback (most recent call last):
  File "D:\django projects\StreamersNews\venv\Lib\site-packages\django\template\base.py", line 898, in _resolve_lookup
    raise VariableDoesNotExist(
django.template.base.VariableDoesNotExist: Failed lookup for key [hide_label] in {'base_template': 'select.html', 'template_pack': 'rest_framework/horizontal', 'renderer': <rest_framework.renderers.HTMLFormRenderer object at 0x0000015348984E60>}
Exception while resolving variable 'allow_blank' in template 'rest_framework/horizontal/select.html'.
Traceback (most recent call last):
  File "D:\django projects\StreamersNews\venv\Lib\site-packages\django\template\base.py", line 875, in _resolve_lookup
    current = current[bit]
              ~~~~~~~^^^^^
TypeError: 'BoundField' object is not subscriptable

During handling of the above exception, another exception occurred:

Traceback (most recent call last):
  File "D:\django projects\StreamersNews\venv\Lib\site-packages\django\template\base.py", line 885, in _resolve_lookup
    current = getattr(current, bit)
              ^^^^^^^^^^^^^^^^^^^^^
  File "D:\django projects\StreamersNews\venv\Lib\site-packages\rest_framework\utils\serializer_helpers.py", line 84, in __getattr__
    return getattr(self._field, attr_name)
           ^^^^^^^^^^^^^^^^^^^^^^^^^^^^^^^
AttributeError: 'PrimaryKeyRelatedField' object has no attribute 'allow_blank'

During handling of the above exception, another exception occurred:

Traceback (most recent call last):
  File "D:\django projects\StreamersNews\venv\Lib\site-packages\django\template\base.py", line 891, in _resolve_lookup
    current = current[int(bit)]
                      ^^^^^^^^
ValueError: invalid literal for int() with base 10: 'allow_blank'

During handling of the above exception, another exception occurred:

Traceback (most recent call last):
  File "D:\django projects\StreamersNews\venv\Lib\site-packages\django\template\base.py", line 898, in _resolve_lookup
    raise VariableDoesNotExist(
django.template.base.VariableDoesNotExist: Failed lookup for key [allow_blank] in <BoundField value= errors=None>
(0.000) SELECT "auth_user"."id", "auth_user"."password", "auth_user"."last_login", "auth_user"."is_superuser", "auth_user"."username", "auth_user"."first_name", "auth_user"."last_name", "auth_user"."email", "auth_user"."is_staff", "auth_user"."is_active", "auth_user"."date_joined" FROM "auth_user" LIMIT 1000; args=(); alias=default
Exception while resolving variable 'hide_label' in template 'rest_framework/horizontal/select.html'.
Traceback (most recent call last):
  File "D:\django projects\StreamersNews\venv\Lib\site-packages\django\template\base.py", line 875, in _resolve_lookup
    current = current[bit]
              ~~~~~~~^^^^^
KeyError: 'hide_label'

During handling of the above exception, another exception occurred:

Traceback (most recent call last):
  File "D:\django projects\StreamersNews\venv\Lib\site-packages\django\template\base.py", line 885, in _resolve_lookup
    current = getattr(current, bit)
              ^^^^^^^^^^^^^^^^^^^^^
AttributeError: 'dict' object has no attribute 'hide_label'

During handling of the above exception, another exception occurred:

Traceback (most recent call last):
  File "D:\django projects\StreamersNews\venv\Lib\site-packages\django\template\base.py", line 891, in _resolve_lookup
    current = current[int(bit)]
                      ^^^^^^^^
ValueError: invalid literal for int() with base 10: 'hide_label'

During handling of the above exception, another exception occurred:

Traceback (most recent call last):
  File "D:\django projects\StreamersNews\venv\Lib\site-packages\django\template\base.py", line 898, in _resolve_lookup
    raise VariableDoesNotExist(
django.template.base.VariableDoesNotExist: Failed lookup for key [hide_label] in {'base_template': 'select.html', 'template_pack': 'rest_framework/horizontal', 'renderer': <rest_framework.renderers.HTMLFormRenderer object at 0x0000015348984E60>}
Exception while resolving variable 'allow_blank' in template 'rest_framework/horizontal/select.html'.
Traceback (most recent call last):
  File "D:\django projects\StreamersNews\venv\Lib\site-packages\django\template\base.py", line 875, in _resolve_lookup
    current = current[bit]
              ~~~~~~~^^^^^
TypeError: 'BoundField' object is not subscriptable

During handling of the above exception, another exception occurred:

Traceback (most recent call last):
  File "D:\django projects\StreamersNews\venv\Lib\site-packages\django\template\base.py", line 885, in _resolve_lookup
    current = getattr(current, bit)
              ^^^^^^^^^^^^^^^^^^^^^
  File "D:\django projects\StreamersNews\venv\Lib\site-packages\rest_framework\utils\serializer_helpers.py", line 84, in __getattr__
    return getattr(self._field, attr_name)
           ^^^^^^^^^^^^^^^^^^^^^^^^^^^^^^^
AttributeError: 'PrimaryKeyRelatedField' object has no attribute 'allow_blank'

During handling of the above exception, another exception occurred:

Traceback (most recent call last):
  File "D:\django projects\StreamersNews\venv\Lib\site-packages\django\template\base.py", line 891, in _resolve_lookup
    current = current[int(bit)]
                      ^^^^^^^^
ValueError: invalid literal for int() with base 10: 'allow_blank'

During handling of the above exception, another exception occurred:

Traceback (most recent call last):
  File "D:\django projects\StreamersNews\venv\Lib\site-packages\django\template\base.py", line 898, in _resolve_lookup
    raise VariableDoesNotExist(
django.template.base.VariableDoesNotExist: Failed lookup for key [allow_blank] in <BoundField value= errors=None>
(0.000) SELECT "News_category"."id", "News_category"."title" FROM "News_category" LIMIT 1000; args=(); alias=default
"GET /news/ HTTP/1.1" 200 11710
"GET /static/rest_framework/css/bootstrap.min.css HTTP/1.1" 304 0
"GET /static/rest_framework/css/bootstrap-tweaks.css HTTP/1.1" 304 0
"GET /static/rest_framework/css/prettify.css HTTP/1.1" 304 0
"GET /static/rest_framework/js/jquery-3.5.1.min.js HTTP/1.1" 304 0
"GET /static/rest_framework/css/default.css HTTP/1.1" 304 0
"GET /static/rest_framework/js/bootstrap.min.js HTTP/1.1" 304 0
"GET /static/rest_framework/js/prettify-min.js HTTP/1.1" 304 0
"GET /static/rest_framework/js/default.js HTTP/1.1" 304 0
"GET /static/rest_framework/img/grid.png HTTP/1.1" 304 0
"GET /static/rest_framework/js/csrf.js HTTP/1.1" 304 0
"GET /static/rest_framework/js/ajax-form.js HTTP/1.1" 304 0
File D:\django projects\StreamersNews\venv\Lib\site-packages\django\conf\locale\en\__init__.py first seen with mtime 1702018134.7857392
File D:\django projects\StreamersNews\venv\Lib\site-packages\django\contrib\auth\context_processors.py first seen with mtime 1702018136.3861506
File D:\django projects\StreamersNews\venv\Lib\site-packages\django\conf\locale\en\formats.py first seen with mtime 1702018134.7857392
File D:\django projects\StreamersNews\venv\Lib\site-packages\django\contrib\staticfiles\storage.py first seen with mtime 1702018138.796903
File D:\django projects\StreamersNews\venv\Lib\site-packages\django\contrib\messages\storage\fallback.py first seen with mtime 1702018138.051018
File D:\django projects\StreamersNews\venv\Lib\site-packages\django\template\context_processors.py first seen with mtime 1702018139.1928043
File D:\django projects\StreamersNews\venv\Lib\site-packages\django\contrib\messages\storage\session.py first seen with mtime 1702018138.0520535
File D:\django projects\StreamersNews\venv\Lib\site-packages\django\contrib\messages\context_processors.py first seen with mtime 1702018138.0448704
File D:\django projects\StreamersNews\venv\Lib\site-packages\django\contrib\sessions\serializers.py first seen with mtime 1702018138.3676116
File D:\django projects\StreamersNews\venv\Lib\site-packages\django\contrib\messages\storage\cookie.py first seen with mtime 1702018138.051018
(0.000) SELECT "django_session"."session_key", "django_session"."session_data", "django_session"."expire_date" FROM "django_session" WHERE ("django_session"."expire_date" > '2023-12-08 07:25:34.366628' AND "django_session"."session_key" = 'y0yu1mayt26whoow7ijwrlo9gmg89z9w') LIMIT 21; args=('2023-12-08 07:25:34.366628', 'y0yu1mayt26whoow7ijwrlo9gmg89z9w'); alias=default
(0.000) SELECT "auth_user"."id", "auth_user"."password", "auth_user"."last_login", "auth_user"."is_superuser", "auth_user"."username", "auth_user"."first_name", "auth_user"."last_name", "auth_user"."email", "auth_user"."is_staff", "auth_user"."is_active", "auth_user"."date_joined" FROM "auth_user" WHERE "auth_user"."id" = 1 LIMIT 21; args=(1,); alias=default
(0.000) SELECT "News_news"."id", "News_news"."title", "News_news"."content", "News_news"."author_id", "News_news"."category_id", "News_news"."img" FROM "News_news"; args=(); alias=default
(0.000) SELECT "auth_user"."id", "auth_user"."password", "auth_user"."last_login", "auth_user"."is_superuser", "auth_user"."username", "auth_user"."first_name", "auth_user"."last_name", "auth_user"."email", "auth_user"."is_staff", "auth_user"."is_active", "auth_user"."date_joined" FROM "auth_user" INNER JOIN "News_usernewsrelation" ON ("auth_user"."id" = "News_usernewsrelation"."user_id") WHERE "News_usernewsrelation"."news_id" = 2; args=(2,); alias=default
(0.000) SELECT "auth_user"."id", "auth_user"."password", "auth_user"."last_login", "auth_user"."is_superuser", "auth_user"."username", "auth_user"."first_name", "auth_user"."last_name", "auth_user"."email", "auth_user"."is_staff", "auth_user"."is_active", "auth_user"."date_joined" FROM "auth_user" INNER JOIN "News_usernewsrelation" ON ("auth_user"."id" = "News_usernewsrelation"."user_id") WHERE "News_usernewsrelation"."news_id" = 4; args=(4,); alias=default
(0.016) SELECT "auth_user"."id", "auth_user"."password", "auth_user"."last_login", "auth_user"."is_superuser", "auth_user"."username", "auth_user"."first_name", "auth_user"."last_name", "auth_user"."email", "auth_user"."is_staff", "auth_user"."is_active", "auth_user"."date_joined" FROM "auth_user" INNER JOIN "News_usernewsrelation" ON ("auth_user"."id" = "News_usernewsrelation"."user_id") WHERE "News_usernewsrelation"."news_id" = 5; args=(5,); alias=default
(0.000) SELECT "auth_user"."id", "auth_user"."password", "auth_user"."last_login", "auth_user"."is_superuser", "auth_user"."username", "auth_user"."first_name", "auth_user"."last_name", "auth_user"."email", "auth_user"."is_staff", "auth_user"."is_active", "auth_user"."date_joined" FROM "auth_user" INNER JOIN "News_usernewsrelation" ON ("auth_user"."id" = "News_usernewsrelation"."user_id") WHERE "News_usernewsrelation"."news_id" = 6; args=(6,); alias=default
(0.000) SELECT "auth_user"."id", "auth_user"."password", "auth_user"."last_login", "auth_user"."is_superuser", "auth_user"."username", "auth_user"."first_name", "auth_user"."last_name", "auth_user"."email", "auth_user"."is_staff", "auth_user"."is_active", "auth_user"."date_joined" FROM "auth_user" INNER JOIN "News_usernewsrelation" ON ("auth_user"."id" = "News_usernewsrelation"."user_id") WHERE "News_usernewsrelation"."news_id" = 7; args=(7,); alias=default
Exception while resolving variable 'hide_label' in template 'rest_framework/horizontal/input.html'.
Traceback (most recent call last):
  File "D:\django projects\StreamersNews\venv\Lib\site-packages\django\template\base.py", line 875, in _resolve_lookup
    current = current[bit]
              ~~~~~~~^^^^^
KeyError: 'hide_label'

During handling of the above exception, another exception occurred:

Traceback (most recent call last):
  File "D:\django projects\StreamersNews\venv\Lib\site-packages\django\template\base.py", line 885, in _resolve_lookup
    current = getattr(current, bit)
              ^^^^^^^^^^^^^^^^^^^^^
AttributeError: 'dict' object has no attribute 'hide_label'

During handling of the above exception, another exception occurred:

Traceback (most recent call last):
  File "D:\django projects\StreamersNews\venv\Lib\site-packages\django\template\base.py", line 891, in _resolve_lookup
    current = current[int(bit)]
                      ^^^^^^^^
ValueError: invalid literal for int() with base 10: 'hide_label'

During handling of the above exception, another exception occurred:

Traceback (most recent call last):
  File "D:\django projects\StreamersNews\venv\Lib\site-packages\django\template\base.py", line 898, in _resolve_lookup
    raise VariableDoesNotExist(
django.template.base.VariableDoesNotExist: Failed lookup for key [hide_label] in {'base_template': 'input.html', 'input_type': 'text', 'template_pack': 'rest_framework/horizontal', 'renderer': <rest_framework.renderers.HTMLFormRenderer object at 0x00000153488E9FD0>}
Exception while resolving variable 'placeholder' in template 'rest_framework/horizontal/input.html'.
Traceback (most recent call last):
  File "D:\django projects\StreamersNews\venv\Lib\site-packages\django\template\base.py", line 875, in _resolve_lookup
    current = current[bit]
              ~~~~~~~^^^^^
KeyError: 'placeholder'

During handling of the above exception, another exception occurred:

Traceback (most recent call last):
  File "D:\django projects\StreamersNews\venv\Lib\site-packages\django\template\base.py", line 885, in _resolve_lookup
    current = getattr(current, bit)
              ^^^^^^^^^^^^^^^^^^^^^
AttributeError: 'dict' object has no attribute 'placeholder'

During handling of the above exception, another exception occurred:

Traceback (most recent call last):
  File "D:\django projects\StreamersNews\venv\Lib\site-packages\django\template\base.py", line 891, in _resolve_lookup
    current = current[int(bit)]
                      ^^^^^^^^
ValueError: invalid literal for int() with base 10: 'placeholder'

During handling of the above exception, another exception occurred:

Traceback (most recent call last):
  File "D:\django projects\StreamersNews\venv\Lib\site-packages\django\template\base.py", line 898, in _resolve_lookup
    raise VariableDoesNotExist(
django.template.base.VariableDoesNotExist: Failed lookup for key [placeholder] in {'base_template': 'input.html', 'input_type': 'text', 'template_pack': 'rest_framework/horizontal', 'renderer': <rest_framework.renderers.HTMLFormRenderer object at 0x00000153488E9FD0>}
Exception while resolving variable 'autofocus' in template 'rest_framework/horizontal/input.html'.
Traceback (most recent call last):
  File "D:\django projects\StreamersNews\venv\Lib\site-packages\django\template\base.py", line 875, in _resolve_lookup
    current = current[bit]
              ~~~~~~~^^^^^
KeyError: 'autofocus'

During handling of the above exception, another exception occurred:

Traceback (most recent call last):
  File "D:\django projects\StreamersNews\venv\Lib\site-packages\django\template\base.py", line 885, in _resolve_lookup
    current = getattr(current, bit)
              ^^^^^^^^^^^^^^^^^^^^^
AttributeError: 'dict' object has no attribute 'autofocus'

During handling of the above exception, another exception occurred:

Traceback (most recent call last):
  File "D:\django projects\StreamersNews\venv\Lib\site-packages\django\template\base.py", line 891, in _resolve_lookup
    current = current[int(bit)]
                      ^^^^^^^^
ValueError: invalid literal for int() with base 10: 'autofocus'

During handling of the above exception, another exception occurred:

Traceback (most recent call last):
  File "D:\django projects\StreamersNews\venv\Lib\site-packages\django\template\base.py", line 898, in _resolve_lookup
    raise VariableDoesNotExist(
django.template.base.VariableDoesNotExist: Failed lookup for key [autofocus] in {'base_template': 'input.html', 'input_type': 'text', 'template_pack': 'rest_framework/horizontal', 'renderer': <rest_framework.renderers.HTMLFormRenderer object at 0x00000153488E9FD0>}
Exception while resolving variable 'hide_label' in template 'rest_framework/horizontal/textarea.html'.
Traceback (most recent call last):
  File "D:\django projects\StreamersNews\venv\Lib\site-packages\django\template\base.py", line 875, in _resolve_lookup
    current = current[bit]
              ~~~~~~~^^^^^
KeyError: 'hide_label'

During handling of the above exception, another exception occurred:

Traceback (most recent call last):
  File "D:\django projects\StreamersNews\venv\Lib\site-packages\django\template\base.py", line 885, in _resolve_lookup
    current = getattr(current, bit)
              ^^^^^^^^^^^^^^^^^^^^^
AttributeError: 'dict' object has no attribute 'hide_label'

During handling of the above exception, another exception occurred:

Traceback (most recent call last):
  File "D:\django projects\StreamersNews\venv\Lib\site-packages\django\template\base.py", line 891, in _resolve_lookup
    current = current[int(bit)]
                      ^^^^^^^^
ValueError: invalid literal for int() with base 10: 'hide_label'

During handling of the above exception, another exception occurred:

Traceback (most recent call last):
  File "D:\django projects\StreamersNews\venv\Lib\site-packages\django\template\base.py", line 898, in _resolve_lookup
    raise VariableDoesNotExist(
django.template.base.VariableDoesNotExist: Failed lookup for key [hide_label] in {'base_template': 'textarea.html', 'input_type': 'text', 'template_pack': 'rest_framework/horizontal', 'renderer': <rest_framework.renderers.HTMLFormRenderer object at 0x00000153488E9FD0>}
Exception while resolving variable 'placeholder' in template 'rest_framework/horizontal/textarea.html'.
Traceback (most recent call last):
  File "D:\django projects\StreamersNews\venv\Lib\site-packages\django\template\base.py", line 875, in _resolve_lookup
    current = current[bit]
              ~~~~~~~^^^^^
KeyError: 'placeholder'

During handling of the above exception, another exception occurred:

Traceback (most recent call last):
  File "D:\django projects\StreamersNews\venv\Lib\site-packages\django\template\base.py", line 885, in _resolve_lookup
    current = getattr(current, bit)
              ^^^^^^^^^^^^^^^^^^^^^
AttributeError: 'dict' object has no attribute 'placeholder'

During handling of the above exception, another exception occurred:

Traceback (most recent call last):
  File "D:\django projects\StreamersNews\venv\Lib\site-packages\django\template\base.py", line 891, in _resolve_lookup
    current = current[int(bit)]
                      ^^^^^^^^
ValueError: invalid literal for int() with base 10: 'placeholder'

During handling of the above exception, another exception occurred:

Traceback (most recent call last):
  File "D:\django projects\StreamersNews\venv\Lib\site-packages\django\template\base.py", line 898, in _resolve_lookup
    raise VariableDoesNotExist(
django.template.base.VariableDoesNotExist: Failed lookup for key [placeholder] in {'base_template': 'textarea.html', 'input_type': 'text', 'template_pack': 'rest_framework/horizontal', 'renderer': <rest_framework.renderers.HTMLFormRenderer object at 0x00000153488E9FD0>}
Exception while resolving variable 'rows' in template 'rest_framework/horizontal/textarea.html'.
Traceback (most recent call last):
  File "D:\django projects\StreamersNews\venv\Lib\site-packages\django\template\base.py", line 875, in _resolve_lookup
    current = current[bit]
              ~~~~~~~^^^^^
KeyError: 'rows'

During handling of the above exception, another exception occurred:

Traceback (most recent call last):
  File "D:\django projects\StreamersNews\venv\Lib\site-packages\django\template\base.py", line 885, in _resolve_lookup
    current = getattr(current, bit)
              ^^^^^^^^^^^^^^^^^^^^^
AttributeError: 'dict' object has no attribute 'rows'

During handling of the above exception, another exception occurred:

Traceback (most recent call last):
  File "D:\django projects\StreamersNews\venv\Lib\site-packages\django\template\base.py", line 891, in _resolve_lookup
    current = current[int(bit)]
                      ^^^^^^^^
ValueError: invalid literal for int() with base 10: 'rows'

During handling of the above exception, another exception occurred:

Traceback (most recent call last):
  File "D:\django projects\StreamersNews\venv\Lib\site-packages\django\template\base.py", line 898, in _resolve_lookup
    raise VariableDoesNotExist(
django.template.base.VariableDoesNotExist: Failed lookup for key [rows] in {'base_template': 'textarea.html', 'input_type': 'text', 'template_pack': 'rest_framework/horizontal', 'renderer': <rest_framework.renderers.HTMLFormRenderer object at 0x00000153488E9FD0>}
Exception while resolving variable 'hide_label' in template 'rest_framework/horizontal/input.html'.
Traceback (most recent call last):
  File "D:\django projects\StreamersNews\venv\Lib\site-packages\django\template\base.py", line 875, in _resolve_lookup
    current = current[bit]
              ~~~~~~~^^^^^
KeyError: 'hide_label'

During handling of the above exception, another exception occurred:

Traceback (most recent call last):
  File "D:\django projects\StreamersNews\venv\Lib\site-packages\django\template\base.py", line 885, in _resolve_lookup
    current = getattr(current, bit)
              ^^^^^^^^^^^^^^^^^^^^^
AttributeError: 'dict' object has no attribute 'hide_label'

During handling of the above exception, another exception occurred:

Traceback (most recent call last):
  File "D:\django projects\StreamersNews\venv\Lib\site-packages\django\template\base.py", line 891, in _resolve_lookup
    current = current[int(bit)]
                      ^^^^^^^^
ValueError: invalid literal for int() with base 10: 'hide_label'

During handling of the above exception, another exception occurred:

Traceback (most recent call last):
  File "D:\django projects\StreamersNews\venv\Lib\site-packages\django\template\base.py", line 898, in _resolve_lookup
    raise VariableDoesNotExist(
django.template.base.VariableDoesNotExist: Failed lookup for key [hide_label] in {'base_template': 'input.html', 'input_type': 'file', 'template_pack': 'rest_framework/horizontal', 'renderer': <rest_framework.renderers.HTMLFormRenderer object at 0x00000153488E9FD0>}
Exception while resolving variable 'placeholder' in template 'rest_framework/horizontal/input.html'.
Traceback (most recent call last):
  File "D:\django projects\StreamersNews\venv\Lib\site-packages\django\template\base.py", line 875, in _resolve_lookup
    current = current[bit]
              ~~~~~~~^^^^^
KeyError: 'placeholder'

During handling of the above exception, another exception occurred:

Traceback (most recent call last):
  File "D:\django projects\StreamersNews\venv\Lib\site-packages\django\template\base.py", line 885, in _resolve_lookup
    current = getattr(current, bit)
              ^^^^^^^^^^^^^^^^^^^^^
AttributeError: 'dict' object has no attribute 'placeholder'

During handling of the above exception, another exception occurred:

Traceback (most recent call last):
  File "D:\django projects\StreamersNews\venv\Lib\site-packages\django\template\base.py", line 891, in _resolve_lookup
    current = current[int(bit)]
                      ^^^^^^^^
ValueError: invalid literal for int() with base 10: 'placeholder'

During handling of the above exception, another exception occurred:

Traceback (most recent call last):
  File "D:\django projects\StreamersNews\venv\Lib\site-packages\django\template\base.py", line 898, in _resolve_lookup
    raise VariableDoesNotExist(
django.template.base.VariableDoesNotExist: Failed lookup for key [placeholder] in {'base_template': 'input.html', 'input_type': 'file', 'template_pack': 'rest_framework/horizontal', 'renderer': <rest_framework.renderers.HTMLFormRenderer object at 0x00000153488E9FD0>}
Exception while resolving variable 'autofocus' in template 'rest_framework/horizontal/input.html'.
Traceback (most recent call last):
  File "D:\django projects\StreamersNews\venv\Lib\site-packages\django\template\base.py", line 875, in _resolve_lookup
    current = current[bit]
              ~~~~~~~^^^^^
KeyError: 'autofocus'

During handling of the above exception, another exception occurred:

Traceback (most recent call last):
  File "D:\django projects\StreamersNews\venv\Lib\site-packages\django\template\base.py", line 885, in _resolve_lookup
    current = getattr(current, bit)
              ^^^^^^^^^^^^^^^^^^^^^
AttributeError: 'dict' object has no attribute 'autofocus'

During handling of the above exception, another exception occurred:

Traceback (most recent call last):
  File "D:\django projects\StreamersNews\venv\Lib\site-packages\django\template\base.py", line 891, in _resolve_lookup
    current = current[int(bit)]
                      ^^^^^^^^
ValueError: invalid literal for int() with base 10: 'autofocus'

During handling of the above exception, another exception occurred:

Traceback (most recent call last):
  File "D:\django projects\StreamersNews\venv\Lib\site-packages\django\template\base.py", line 898, in _resolve_lookup
    raise VariableDoesNotExist(
django.template.base.VariableDoesNotExist: Failed lookup for key [autofocus] in {'base_template': 'input.html', 'input_type': 'file', 'template_pack': 'rest_framework/horizontal', 'renderer': <rest_framework.renderers.HTMLFormRenderer object at 0x00000153488E9FD0>}
Exception while resolving variable 'hide_label' in template 'rest_framework/horizontal/select.html'.
Traceback (most recent call last):
  File "D:\django projects\StreamersNews\venv\Lib\site-packages\django\template\base.py", line 875, in _resolve_lookup
    current = current[bit]
              ~~~~~~~^^^^^
KeyError: 'hide_label'

During handling of the above exception, another exception occurred:

Traceback (most recent call last):
  File "D:\django projects\StreamersNews\venv\Lib\site-packages\django\template\base.py", line 885, in _resolve_lookup
    current = getattr(current, bit)
              ^^^^^^^^^^^^^^^^^^^^^
AttributeError: 'dict' object has no attribute 'hide_label'

During handling of the above exception, another exception occurred:

Traceback (most recent call last):
  File "D:\django projects\StreamersNews\venv\Lib\site-packages\django\template\base.py", line 891, in _resolve_lookup
    current = current[int(bit)]
                      ^^^^^^^^
ValueError: invalid literal for int() with base 10: 'hide_label'

During handling of the above exception, another exception occurred:

Traceback (most recent call last):
  File "D:\django projects\StreamersNews\venv\Lib\site-packages\django\template\base.py", line 898, in _resolve_lookup
    raise VariableDoesNotExist(
django.template.base.VariableDoesNotExist: Failed lookup for key [hide_label] in {'base_template': 'select.html', 'template_pack': 'rest_framework/horizontal', 'renderer': <rest_framework.renderers.HTMLFormRenderer object at 0x00000153488E9FD0>}
Exception while resolving variable 'allow_blank' in template 'rest_framework/horizontal/select.html'.
Traceback (most recent call last):
  File "D:\django projects\StreamersNews\venv\Lib\site-packages\django\template\base.py", line 875, in _resolve_lookup
    current = current[bit]
              ~~~~~~~^^^^^
TypeError: 'BoundField' object is not subscriptable

During handling of the above exception, another exception occurred:

Traceback (most recent call last):
  File "D:\django projects\StreamersNews\venv\Lib\site-packages\django\template\base.py", line 885, in _resolve_lookup
    current = getattr(current, bit)
              ^^^^^^^^^^^^^^^^^^^^^
  File "D:\django projects\StreamersNews\venv\Lib\site-packages\rest_framework\utils\serializer_helpers.py", line 84, in __getattr__
    return getattr(self._field, attr_name)
           ^^^^^^^^^^^^^^^^^^^^^^^^^^^^^^^
AttributeError: 'PrimaryKeyRelatedField' object has no attribute 'allow_blank'

During handling of the above exception, another exception occurred:

Traceback (most recent call last):
  File "D:\django projects\StreamersNews\venv\Lib\site-packages\django\template\base.py", line 891, in _resolve_lookup
    current = current[int(bit)]
                      ^^^^^^^^
ValueError: invalid literal for int() with base 10: 'allow_blank'

During handling of the above exception, another exception occurred:

Traceback (most recent call last):
  File "D:\django projects\StreamersNews\venv\Lib\site-packages\django\template\base.py", line 898, in _resolve_lookup
    raise VariableDoesNotExist(
django.template.base.VariableDoesNotExist: Failed lookup for key [allow_blank] in <BoundField value= errors=None>
(0.000) SELECT "auth_user"."id", "auth_user"."password", "auth_user"."last_login", "auth_user"."is_superuser", "auth_user"."username", "auth_user"."first_name", "auth_user"."last_name", "auth_user"."email", "auth_user"."is_staff", "auth_user"."is_active", "auth_user"."date_joined" FROM "auth_user" LIMIT 1000; args=(); alias=default
Exception while resolving variable 'hide_label' in template 'rest_framework/horizontal/select.html'.
Traceback (most recent call last):
  File "D:\django projects\StreamersNews\venv\Lib\site-packages\django\template\base.py", line 875, in _resolve_lookup
    current = current[bit]
              ~~~~~~~^^^^^
KeyError: 'hide_label'

During handling of the above exception, another exception occurred:

Traceback (most recent call last):
  File "D:\django projects\StreamersNews\venv\Lib\site-packages\django\template\base.py", line 885, in _resolve_lookup
    current = getattr(current, bit)
              ^^^^^^^^^^^^^^^^^^^^^
AttributeError: 'dict' object has no attribute 'hide_label'

During handling of the above exception, another exception occurred:

Traceback (most recent call last):
  File "D:\django projects\StreamersNews\venv\Lib\site-packages\django\template\base.py", line 891, in _resolve_lookup
    current = current[int(bit)]
                      ^^^^^^^^
ValueError: invalid literal for int() with base 10: 'hide_label'

During handling of the above exception, another exception occurred:

Traceback (most recent call last):
  File "D:\django projects\StreamersNews\venv\Lib\site-packages\django\template\base.py", line 898, in _resolve_lookup
    raise VariableDoesNotExist(
django.template.base.VariableDoesNotExist: Failed lookup for key [hide_label] in {'base_template': 'select.html', 'template_pack': 'rest_framework/horizontal', 'renderer': <rest_framework.renderers.HTMLFormRenderer object at 0x00000153488E9FD0>}
Exception while resolving variable 'allow_blank' in template 'rest_framework/horizontal/select.html'.
Traceback (most recent call last):
  File "D:\django projects\StreamersNews\venv\Lib\site-packages\django\template\base.py", line 875, in _resolve_lookup
    current = current[bit]
              ~~~~~~~^^^^^
TypeError: 'BoundField' object is not subscriptable

During handling of the above exception, another exception occurred:

Traceback (most recent call last):
  File "D:\django projects\StreamersNews\venv\Lib\site-packages\django\template\base.py", line 885, in _resolve_lookup
    current = getattr(current, bit)
              ^^^^^^^^^^^^^^^^^^^^^
  File "D:\django projects\StreamersNews\venv\Lib\site-packages\rest_framework\utils\serializer_helpers.py", line 84, in __getattr__
    return getattr(self._field, attr_name)
           ^^^^^^^^^^^^^^^^^^^^^^^^^^^^^^^
AttributeError: 'PrimaryKeyRelatedField' object has no attribute 'allow_blank'

During handling of the above exception, another exception occurred:

Traceback (most recent call last):
  File "D:\django projects\StreamersNews\venv\Lib\site-packages\django\template\base.py", line 891, in _resolve_lookup
    current = current[int(bit)]
                      ^^^^^^^^
ValueError: invalid literal for int() with base 10: 'allow_blank'

During handling of the above exception, another exception occurred:

Traceback (most recent call last):
  File "D:\django projects\StreamersNews\venv\Lib\site-packages\django\template\base.py", line 898, in _resolve_lookup
    raise VariableDoesNotExist(
django.template.base.VariableDoesNotExist: Failed lookup for key [allow_blank] in <BoundField value= errors=None>
(0.000) SELECT "News_category"."id", "News_category"."title" FROM "News_category" LIMIT 1000; args=(); alias=default
"GET /news/ HTTP/1.1" 200 11710
(0.000) SELECT "django_session"."session_key", "django_session"."session_data", "django_session"."expire_date" FROM "django_session" WHERE ("django_session"."expire_date" > '2023-12-08 07:25:44.645124' AND "django_session"."session_key" = 'y0yu1mayt26whoow7ijwrlo9gmg89z9w') LIMIT 21; args=('2023-12-08 07:25:44.645124', 'y0yu1mayt26whoow7ijwrlo9gmg89z9w'); alias=default
(0.000) SELECT "auth_user"."id", "auth_user"."password", "auth_user"."last_login", "auth_user"."is_superuser", "auth_user"."username", "auth_user"."first_name", "auth_user"."last_name", "auth_user"."email", "auth_user"."is_staff", "auth_user"."is_active", "auth_user"."date_joined" FROM "auth_user" WHERE "auth_user"."id" = 1 LIMIT 21; args=(1,); alias=default
(0.000) SELECT "News_news"."id", "News_news"."title", "News_news"."content", "News_news"."author_id", "News_news"."category_id", "News_news"."img" FROM "News_news" WHERE "News_news"."id" = 2 LIMIT 21; args=(2,); alias=default
(0.000) SELECT "auth_user"."id", "auth_user"."password", "auth_user"."last_login", "auth_user"."is_superuser", "auth_user"."username", "auth_user"."first_name", "auth_user"."last_name", "auth_user"."email", "auth_user"."is_staff", "auth_user"."is_active", "auth_user"."date_joined" FROM "auth_user" INNER JOIN "News_usernewsrelation" ON ("auth_user"."id" = "News_usernewsrelation"."user_id") WHERE "News_usernewsrelation"."news_id" = 2; args=(2,); alias=default
(0.000) SELECT "auth_user"."id", "auth_user"."password", "auth_user"."last_login", "auth_user"."is_superuser", "auth_user"."username", "auth_user"."first_name", "auth_user"."last_name", "auth_user"."email", "auth_user"."is_staff", "auth_user"."is_active", "auth_user"."date_joined" FROM "auth_user" INNER JOIN "News_usernewsrelation" ON ("auth_user"."id" = "News_usernewsrelation"."user_id") WHERE "News_usernewsrelation"."news_id" = 2; args=(2,); alias=default
(0.015) SELECT "auth_user"."id", "auth_user"."password", "auth_user"."last_login", "auth_user"."is_superuser", "auth_user"."username", "auth_user"."first_name", "auth_user"."last_name", "auth_user"."email", "auth_user"."is_staff", "auth_user"."is_active", "auth_user"."date_joined" FROM "auth_user" INNER JOIN "News_usernewsrelation" ON ("auth_user"."id" = "News_usernewsrelation"."user_id") WHERE "News_usernewsrelation"."news_id" = 2; args=(2,); alias=default
(0.000) SELECT "auth_user"."id", "auth_user"."password", "auth_user"."last_login", "auth_user"."is_superuser", "auth_user"."username", "auth_user"."first_name", "auth_user"."last_name", "auth_user"."email", "auth_user"."is_staff", "auth_user"."is_active", "auth_user"."date_joined" FROM "auth_user" INNER JOIN "News_usernewsrelation" ON ("auth_user"."id" = "News_usernewsrelation"."user_id") WHERE "News_usernewsrelation"."news_id" = 2; args=(2,); alias=default
Exception while resolving variable 'hide_label' in template 'rest_framework/horizontal/input.html'.
Traceback (most recent call last):
  File "D:\django projects\StreamersNews\venv\Lib\site-packages\django\template\base.py", line 875, in _resolve_lookup
    current = current[bit]
              ~~~~~~~^^^^^
KeyError: 'hide_label'

During handling of the above exception, another exception occurred:

Traceback (most recent call last):
  File "D:\django projects\StreamersNews\venv\Lib\site-packages\django\template\base.py", line 885, in _resolve_lookup
    current = getattr(current, bit)
              ^^^^^^^^^^^^^^^^^^^^^
AttributeError: 'dict' object has no attribute 'hide_label'

During handling of the above exception, another exception occurred:

Traceback (most recent call last):
  File "D:\django projects\StreamersNews\venv\Lib\site-packages\django\template\base.py", line 891, in _resolve_lookup
    current = current[int(bit)]
                      ^^^^^^^^
ValueError: invalid literal for int() with base 10: 'hide_label'

During handling of the above exception, another exception occurred:

Traceback (most recent call last):
  File "D:\django projects\StreamersNews\venv\Lib\site-packages\django\template\base.py", line 898, in _resolve_lookup
    raise VariableDoesNotExist(
django.template.base.VariableDoesNotExist: Failed lookup for key [hide_label] in {'base_template': 'input.html', 'input_type': 'text', 'template_pack': 'rest_framework/horizontal', 'renderer': <rest_framework.renderers.HTMLFormRenderer object at 0x000001534890F7D0>}
Exception while resolving variable 'placeholder' in template 'rest_framework/horizontal/input.html'.
Traceback (most recent call last):
  File "D:\django projects\StreamersNews\venv\Lib\site-packages\django\template\base.py", line 875, in _resolve_lookup
    current = current[bit]
              ~~~~~~~^^^^^
KeyError: 'placeholder'

During handling of the above exception, another exception occurred:

Traceback (most recent call last):
  File "D:\django projects\StreamersNews\venv\Lib\site-packages\django\template\base.py", line 885, in _resolve_lookup
    current = getattr(current, bit)
              ^^^^^^^^^^^^^^^^^^^^^
AttributeError: 'dict' object has no attribute 'placeholder'

During handling of the above exception, another exception occurred:

Traceback (most recent call last):
  File "D:\django projects\StreamersNews\venv\Lib\site-packages\django\template\base.py", line 891, in _resolve_lookup
    current = current[int(bit)]
                      ^^^^^^^^
ValueError: invalid literal for int() with base 10: 'placeholder'

During handling of the above exception, another exception occurred:

Traceback (most recent call last):
  File "D:\django projects\StreamersNews\venv\Lib\site-packages\django\template\base.py", line 898, in _resolve_lookup
    raise VariableDoesNotExist(
django.template.base.VariableDoesNotExist: Failed lookup for key [placeholder] in {'base_template': 'input.html', 'input_type': 'text', 'template_pack': 'rest_framework/horizontal', 'renderer': <rest_framework.renderers.HTMLFormRenderer object at 0x000001534890F7D0>}
Exception while resolving variable 'autofocus' in template 'rest_framework/horizontal/input.html'.
Traceback (most recent call last):
  File "D:\django projects\StreamersNews\venv\Lib\site-packages\django\template\base.py", line 875, in _resolve_lookup
    current = current[bit]
              ~~~~~~~^^^^^
KeyError: 'autofocus'

During handling of the above exception, another exception occurred:

Traceback (most recent call last):
  File "D:\django projects\StreamersNews\venv\Lib\site-packages\django\template\base.py", line 885, in _resolve_lookup
    current = getattr(current, bit)
              ^^^^^^^^^^^^^^^^^^^^^
AttributeError: 'dict' object has no attribute 'autofocus'

During handling of the above exception, another exception occurred:

Traceback (most recent call last):
  File "D:\django projects\StreamersNews\venv\Lib\site-packages\django\template\base.py", line 891, in _resolve_lookup
    current = current[int(bit)]
                      ^^^^^^^^
ValueError: invalid literal for int() with base 10: 'autofocus'

During handling of the above exception, another exception occurred:

Traceback (most recent call last):
  File "D:\django projects\StreamersNews\venv\Lib\site-packages\django\template\base.py", line 898, in _resolve_lookup
    raise VariableDoesNotExist(
django.template.base.VariableDoesNotExist: Failed lookup for key [autofocus] in {'base_template': 'input.html', 'input_type': 'text', 'template_pack': 'rest_framework/horizontal', 'renderer': <rest_framework.renderers.HTMLFormRenderer object at 0x000001534890F7D0>}
Exception while resolving variable 'hide_label' in template 'rest_framework/horizontal/textarea.html'.
Traceback (most recent call last):
  File "D:\django projects\StreamersNews\venv\Lib\site-packages\django\template\base.py", line 875, in _resolve_lookup
    current = current[bit]
              ~~~~~~~^^^^^
KeyError: 'hide_label'

During handling of the above exception, another exception occurred:

Traceback (most recent call last):
  File "D:\django projects\StreamersNews\venv\Lib\site-packages\django\template\base.py", line 885, in _resolve_lookup
    current = getattr(current, bit)
              ^^^^^^^^^^^^^^^^^^^^^
AttributeError: 'dict' object has no attribute 'hide_label'

During handling of the above exception, another exception occurred:

Traceback (most recent call last):
  File "D:\django projects\StreamersNews\venv\Lib\site-packages\django\template\base.py", line 891, in _resolve_lookup
    current = current[int(bit)]
                      ^^^^^^^^
ValueError: invalid literal for int() with base 10: 'hide_label'

During handling of the above exception, another exception occurred:

Traceback (most recent call last):
  File "D:\django projects\StreamersNews\venv\Lib\site-packages\django\template\base.py", line 898, in _resolve_lookup
    raise VariableDoesNotExist(
django.template.base.VariableDoesNotExist: Failed lookup for key [hide_label] in {'base_template': 'textarea.html', 'input_type': 'text', 'template_pack': 'rest_framework/horizontal', 'renderer': <rest_framework.renderers.HTMLFormRenderer object at 0x000001534890F7D0>}
Exception while resolving variable 'placeholder' in template 'rest_framework/horizontal/textarea.html'.
Traceback (most recent call last):
  File "D:\django projects\StreamersNews\venv\Lib\site-packages\django\template\base.py", line 875, in _resolve_lookup
    current = current[bit]
              ~~~~~~~^^^^^
KeyError: 'placeholder'

During handling of the above exception, another exception occurred:

Traceback (most recent call last):
  File "D:\django projects\StreamersNews\venv\Lib\site-packages\django\template\base.py", line 885, in _resolve_lookup
    current = getattr(current, bit)
              ^^^^^^^^^^^^^^^^^^^^^
AttributeError: 'dict' object has no attribute 'placeholder'

During handling of the above exception, another exception occurred:

Traceback (most recent call last):
  File "D:\django projects\StreamersNews\venv\Lib\site-packages\django\template\base.py", line 891, in _resolve_lookup
    current = current[int(bit)]
                      ^^^^^^^^
ValueError: invalid literal for int() with base 10: 'placeholder'

During handling of the above exception, another exception occurred:

Traceback (most recent call last):
  File "D:\django projects\StreamersNews\venv\Lib\site-packages\django\template\base.py", line 898, in _resolve_lookup
    raise VariableDoesNotExist(
django.template.base.VariableDoesNotExist: Failed lookup for key [placeholder] in {'base_template': 'textarea.html', 'input_type': 'text', 'template_pack': 'rest_framework/horizontal', 'renderer': <rest_framework.renderers.HTMLFormRenderer object at 0x000001534890F7D0>}
Exception while resolving variable 'rows' in template 'rest_framework/horizontal/textarea.html'.
Traceback (most recent call last):
  File "D:\django projects\StreamersNews\venv\Lib\site-packages\django\template\base.py", line 875, in _resolve_lookup
    current = current[bit]
              ~~~~~~~^^^^^
KeyError: 'rows'

During handling of the above exception, another exception occurred:

Traceback (most recent call last):
  File "D:\django projects\StreamersNews\venv\Lib\site-packages\django\template\base.py", line 885, in _resolve_lookup
    current = getattr(current, bit)
              ^^^^^^^^^^^^^^^^^^^^^
AttributeError: 'dict' object has no attribute 'rows'

During handling of the above exception, another exception occurred:

Traceback (most recent call last):
  File "D:\django projects\StreamersNews\venv\Lib\site-packages\django\template\base.py", line 891, in _resolve_lookup
    current = current[int(bit)]
                      ^^^^^^^^
ValueError: invalid literal for int() with base 10: 'rows'

During handling of the above exception, another exception occurred:

Traceback (most recent call last):
  File "D:\django projects\StreamersNews\venv\Lib\site-packages\django\template\base.py", line 898, in _resolve_lookup
    raise VariableDoesNotExist(
django.template.base.VariableDoesNotExist: Failed lookup for key [rows] in {'base_template': 'textarea.html', 'input_type': 'text', 'template_pack': 'rest_framework/horizontal', 'renderer': <rest_framework.renderers.HTMLFormRenderer object at 0x000001534890F7D0>}
Exception while resolving variable 'hide_label' in template 'rest_framework/horizontal/input.html'.
Traceback (most recent call last):
  File "D:\django projects\StreamersNews\venv\Lib\site-packages\django\template\base.py", line 875, in _resolve_lookup
    current = current[bit]
              ~~~~~~~^^^^^
KeyError: 'hide_label'

During handling of the above exception, another exception occurred:

Traceback (most recent call last):
  File "D:\django projects\StreamersNews\venv\Lib\site-packages\django\template\base.py", line 885, in _resolve_lookup
    current = getattr(current, bit)
              ^^^^^^^^^^^^^^^^^^^^^
AttributeError: 'dict' object has no attribute 'hide_label'

During handling of the above exception, another exception occurred:

Traceback (most recent call last):
  File "D:\django projects\StreamersNews\venv\Lib\site-packages\django\template\base.py", line 891, in _resolve_lookup
    current = current[int(bit)]
                      ^^^^^^^^
ValueError: invalid literal for int() with base 10: 'hide_label'

During handling of the above exception, another exception occurred:

Traceback (most recent call last):
  File "D:\django projects\StreamersNews\venv\Lib\site-packages\django\template\base.py", line 898, in _resolve_lookup
    raise VariableDoesNotExist(
django.template.base.VariableDoesNotExist: Failed lookup for key [hide_label] in {'base_template': 'input.html', 'input_type': 'file', 'template_pack': 'rest_framework/horizontal', 'renderer': <rest_framework.renderers.HTMLFormRenderer object at 0x000001534890F7D0>}
Exception while resolving variable 'placeholder' in template 'rest_framework/horizontal/input.html'.
Traceback (most recent call last):
  File "D:\django projects\StreamersNews\venv\Lib\site-packages\django\template\base.py", line 875, in _resolve_lookup
    current = current[bit]
              ~~~~~~~^^^^^
KeyError: 'placeholder'

During handling of the above exception, another exception occurred:

Traceback (most recent call last):
  File "D:\django projects\StreamersNews\venv\Lib\site-packages\django\template\base.py", line 885, in _resolve_lookup
    current = getattr(current, bit)
              ^^^^^^^^^^^^^^^^^^^^^
AttributeError: 'dict' object has no attribute 'placeholder'

During handling of the above exception, another exception occurred:

Traceback (most recent call last):
  File "D:\django projects\StreamersNews\venv\Lib\site-packages\django\template\base.py", line 891, in _resolve_lookup
    current = current[int(bit)]
                      ^^^^^^^^
ValueError: invalid literal for int() with base 10: 'placeholder'

During handling of the above exception, another exception occurred:

Traceback (most recent call last):
  File "D:\django projects\StreamersNews\venv\Lib\site-packages\django\template\base.py", line 898, in _resolve_lookup
    raise VariableDoesNotExist(
django.template.base.VariableDoesNotExist: Failed lookup for key [placeholder] in {'base_template': 'input.html', 'input_type': 'file', 'template_pack': 'rest_framework/horizontal', 'renderer': <rest_framework.renderers.HTMLFormRenderer object at 0x000001534890F7D0>}
Exception while resolving variable 'autofocus' in template 'rest_framework/horizontal/input.html'.
Traceback (most recent call last):
  File "D:\django projects\StreamersNews\venv\Lib\site-packages\django\template\base.py", line 875, in _resolve_lookup
    current = current[bit]
              ~~~~~~~^^^^^
KeyError: 'autofocus'

During handling of the above exception, another exception occurred:

Traceback (most recent call last):
  File "D:\django projects\StreamersNews\venv\Lib\site-packages\django\template\base.py", line 885, in _resolve_lookup
    current = getattr(current, bit)
              ^^^^^^^^^^^^^^^^^^^^^
AttributeError: 'dict' object has no attribute 'autofocus'

During handling of the above exception, another exception occurred:

Traceback (most recent call last):
  File "D:\django projects\StreamersNews\venv\Lib\site-packages\django\template\base.py", line 891, in _resolve_lookup
    current = current[int(bit)]
                      ^^^^^^^^
ValueError: invalid literal for int() with base 10: 'autofocus'

During handling of the above exception, another exception occurred:

Traceback (most recent call last):
  File "D:\django projects\StreamersNews\venv\Lib\site-packages\django\template\base.py", line 898, in _resolve_lookup
    raise VariableDoesNotExist(
django.template.base.VariableDoesNotExist: Failed lookup for key [autofocus] in {'base_template': 'input.html', 'input_type': 'file', 'template_pack': 'rest_framework/horizontal', 'renderer': <rest_framework.renderers.HTMLFormRenderer object at 0x000001534890F7D0>}
Exception while resolving variable 'hide_label' in template 'rest_framework/horizontal/select.html'.
Traceback (most recent call last):
  File "D:\django projects\StreamersNews\venv\Lib\site-packages\django\template\base.py", line 875, in _resolve_lookup
    current = current[bit]
              ~~~~~~~^^^^^
KeyError: 'hide_label'

During handling of the above exception, another exception occurred:

Traceback (most recent call last):
  File "D:\django projects\StreamersNews\venv\Lib\site-packages\django\template\base.py", line 885, in _resolve_lookup
    current = getattr(current, bit)
              ^^^^^^^^^^^^^^^^^^^^^
AttributeError: 'dict' object has no attribute 'hide_label'

During handling of the above exception, another exception occurred:

Traceback (most recent call last):
  File "D:\django projects\StreamersNews\venv\Lib\site-packages\django\template\base.py", line 891, in _resolve_lookup
    current = current[int(bit)]
                      ^^^^^^^^
ValueError: invalid literal for int() with base 10: 'hide_label'

During handling of the above exception, another exception occurred:

Traceback (most recent call last):
  File "D:\django projects\StreamersNews\venv\Lib\site-packages\django\template\base.py", line 898, in _resolve_lookup
    raise VariableDoesNotExist(
django.template.base.VariableDoesNotExist: Failed lookup for key [hide_label] in {'base_template': 'select.html', 'template_pack': 'rest_framework/horizontal', 'renderer': <rest_framework.renderers.HTMLFormRenderer object at 0x000001534890F7D0>}
Exception while resolving variable 'allow_blank' in template 'rest_framework/horizontal/select.html'.
Traceback (most recent call last):
  File "D:\django projects\StreamersNews\venv\Lib\site-packages\django\template\base.py", line 875, in _resolve_lookup
    current = current[bit]
              ~~~~~~~^^^^^
TypeError: 'BoundField' object is not subscriptable

During handling of the above exception, another exception occurred:

Traceback (most recent call last):
  File "D:\django projects\StreamersNews\venv\Lib\site-packages\django\template\base.py", line 885, in _resolve_lookup
    current = getattr(current, bit)
              ^^^^^^^^^^^^^^^^^^^^^
  File "D:\django projects\StreamersNews\venv\Lib\site-packages\rest_framework\utils\serializer_helpers.py", line 84, in __getattr__
    return getattr(self._field, attr_name)
           ^^^^^^^^^^^^^^^^^^^^^^^^^^^^^^^
AttributeError: 'PrimaryKeyRelatedField' object has no attribute 'allow_blank'

During handling of the above exception, another exception occurred:

Traceback (most recent call last):
  File "D:\django projects\StreamersNews\venv\Lib\site-packages\django\template\base.py", line 891, in _resolve_lookup
    current = current[int(bit)]
                      ^^^^^^^^
ValueError: invalid literal for int() with base 10: 'allow_blank'

During handling of the above exception, another exception occurred:

Traceback (most recent call last):
  File "D:\django projects\StreamersNews\venv\Lib\site-packages\django\template\base.py", line 898, in _resolve_lookup
    raise VariableDoesNotExist(
django.template.base.VariableDoesNotExist: Failed lookup for key [allow_blank] in <BoundField value=2 errors=None>
(0.000) SELECT "auth_user"."id", "auth_user"."password", "auth_user"."last_login", "auth_user"."is_superuser", "auth_user"."username", "auth_user"."first_name", "auth_user"."last_name", "auth_user"."email", "auth_user"."is_staff", "auth_user"."is_active", "auth_user"."date_joined" FROM "auth_user" LIMIT 1000; args=(); alias=default
Exception while resolving variable 'hide_label' in template 'rest_framework/horizontal/select.html'.
Traceback (most recent call last):
  File "D:\django projects\StreamersNews\venv\Lib\site-packages\django\template\base.py", line 875, in _resolve_lookup
    current = current[bit]
              ~~~~~~~^^^^^
KeyError: 'hide_label'

During handling of the above exception, another exception occurred:

Traceback (most recent call last):
  File "D:\django projects\StreamersNews\venv\Lib\site-packages\django\template\base.py", line 885, in _resolve_lookup
    current = getattr(current, bit)
              ^^^^^^^^^^^^^^^^^^^^^
AttributeError: 'dict' object has no attribute 'hide_label'

During handling of the above exception, another exception occurred:

Traceback (most recent call last):
  File "D:\django projects\StreamersNews\venv\Lib\site-packages\django\template\base.py", line 891, in _resolve_lookup
    current = current[int(bit)]
                      ^^^^^^^^
ValueError: invalid literal for int() with base 10: 'hide_label'

During handling of the above exception, another exception occurred:

Traceback (most recent call last):
  File "D:\django projects\StreamersNews\venv\Lib\site-packages\django\template\base.py", line 898, in _resolve_lookup
    raise VariableDoesNotExist(
django.template.base.VariableDoesNotExist: Failed lookup for key [hide_label] in {'base_template': 'select.html', 'template_pack': 'rest_framework/horizontal', 'renderer': <rest_framework.renderers.HTMLFormRenderer object at 0x000001534890F7D0>}
Exception while resolving variable 'allow_blank' in template 'rest_framework/horizontal/select.html'.
Traceback (most recent call last):
  File "D:\django projects\StreamersNews\venv\Lib\site-packages\django\template\base.py", line 875, in _resolve_lookup
    current = current[bit]
              ~~~~~~~^^^^^
TypeError: 'BoundField' object is not subscriptable

During handling of the above exception, another exception occurred:

Traceback (most recent call last):
  File "D:\django projects\StreamersNews\venv\Lib\site-packages\django\template\base.py", line 885, in _resolve_lookup
    current = getattr(current, bit)
              ^^^^^^^^^^^^^^^^^^^^^
  File "D:\django projects\StreamersNews\venv\Lib\site-packages\rest_framework\utils\serializer_helpers.py", line 84, in __getattr__
    return getattr(self._field, attr_name)
           ^^^^^^^^^^^^^^^^^^^^^^^^^^^^^^^
AttributeError: 'PrimaryKeyRelatedField' object has no attribute 'allow_blank'

During handling of the above exception, another exception occurred:

Traceback (most recent call last):
  File "D:\django projects\StreamersNews\venv\Lib\site-packages\django\template\base.py", line 891, in _resolve_lookup
    current = current[int(bit)]
                      ^^^^^^^^
ValueError: invalid literal for int() with base 10: 'allow_blank'

During handling of the above exception, another exception occurred:

Traceback (most recent call last):
  File "D:\django projects\StreamersNews\venv\Lib\site-packages\django\template\base.py", line 898, in _resolve_lookup
    raise VariableDoesNotExist(
django.template.base.VariableDoesNotExist: Failed lookup for key [allow_blank] in <BoundField value=1 errors=None>
(0.000) SELECT "News_category"."id", "News_category"."title" FROM "News_category" LIMIT 1000; args=(); alias=default
"GET /news/2/ HTTP/1.1" 200 11753
(0.000) 
            SELECT name, type FROM sqlite_master
            WHERE type in ('table', 'view') AND NOT name='sqlite_sequence'
            ORDER BY name; args=None; alias=default
(0.000) SELECT "django_migrations"."id", "django_migrations"."app", "django_migrations"."name", "django_migrations"."applied" FROM "django_migrations"; args=(); alias=default
(0.015) 
            SELECT name, type FROM sqlite_master
            WHERE type in ('table', 'view') AND NOT name='sqlite_sequence'
            ORDER BY name; args=None; alias=default
(0.000) SELECT "django_migrations"."id", "django_migrations"."app", "django_migrations"."name", "django_migrations"."applied" FROM "django_migrations"; args=(); alias=default
(0.000) 
            SELECT name, type FROM sqlite_master
            WHERE type in ('table', 'view') AND NOT name='sqlite_sequence'
            ORDER BY name; args=None; alias=default
(0.000) SELECT "django_migrations"."id", "django_migrations"."app", "django_migrations"."name", "django_migrations"."applied" FROM "django_migrations"; args=(); alias=default
(0.000) 
            SELECT name, type FROM sqlite_master
            WHERE type in ('table', 'view') AND NOT name='sqlite_sequence'
            ORDER BY name; args=None; alias=default
(0.000) SELECT "django_migrations"."id", "django_migrations"."app", "django_migrations"."name", "django_migrations"."applied" FROM "django_migrations"; args=(); alias=default
(0.000) SELECT "django_content_type"."id", "django_content_type"."app_label", "django_content_type"."model" FROM "django_content_type" WHERE "django_content_type"."app_label" = 'admin'; args=('admin',); alias=default
(0.000) SELECT "django_content_type"."id", "django_content_type"."app_label", "django_content_type"."model" FROM "django_content_type" WHERE ("django_content_type"."app_label" = 'admin' AND "django_content_type"."model" = 'logentry') LIMIT 21; args=('admin', 'logentry'); alias=default
(0.000) SELECT "auth_permission"."content_type_id", "auth_permission"."codename" FROM "auth_permission" INNER JOIN "django_content_type" ON ("auth_permission"."content_type_id" = "django_content_type"."id") WHERE "auth_permission"."content_type_id" IN (1) ORDER BY "django_content_type"."app_label" ASC, "django_content_type"."model" ASC, "auth_permission"."codename" ASC; args=(1,); alias=default
(0.000) SELECT "django_content_type"."id", "django_content_type"."app_label", "django_content_type"."model" FROM "django_content_type" WHERE "django_content_type"."app_label" = 'admin'; args=('admin',); alias=default
(0.000) SELECT "django_content_type"."id", "django_content_type"."app_label", "django_content_type"."model" FROM "django_content_type" WHERE "django_content_type"."app_label" = 'auth'; args=('auth',); alias=default
(0.000) SELECT "django_content_type"."id", "django_content_type"."app_label", "django_content_type"."model" FROM "django_content_type" WHERE ("django_content_type"."app_label" = 'auth' AND "django_content_type"."model" = 'permission') LIMIT 21; args=('auth', 'permission'); alias=default
(0.000) SELECT "django_content_type"."id", "django_content_type"."app_label", "django_content_type"."model" FROM "django_content_type" WHERE ("django_content_type"."app_label" = 'auth' AND "django_content_type"."model" = 'group') LIMIT 21; args=('auth', 'group'); alias=default
(0.000) SELECT "django_content_type"."id", "django_content_type"."app_label", "django_content_type"."model" FROM "django_content_type" WHERE ("django_content_type"."app_label" = 'auth' AND "django_content_type"."model" = 'user') LIMIT 21; args=('auth', 'user'); alias=default
(0.000) SELECT "auth_permission"."content_type_id", "auth_permission"."codename" FROM "auth_permission" INNER JOIN "django_content_type" ON ("auth_permission"."content_type_id" = "django_content_type"."id") WHERE "auth_permission"."content_type_id" IN (2, 3, 4) ORDER BY "django_content_type"."app_label" ASC, "django_content_type"."model" ASC, "auth_permission"."codename" ASC; args=(2, 3, 4); alias=default
(0.000) SELECT "django_content_type"."id", "django_content_type"."app_label", "django_content_type"."model" FROM "django_content_type" WHERE "django_content_type"."app_label" = 'auth'; args=('auth',); alias=default
(0.000) SELECT "django_content_type"."id", "django_content_type"."app_label", "django_content_type"."model" FROM "django_content_type" WHERE "django_content_type"."app_label" = 'contenttypes'; args=('contenttypes',); alias=default
(0.000) SELECT "django_content_type"."id", "django_content_type"."app_label", "django_content_type"."model" FROM "django_content_type" WHERE ("django_content_type"."app_label" = 'contenttypes' AND "django_content_type"."model" = 'contenttype') LIMIT 21; args=('contenttypes', 'contenttype'); alias=default
(0.000) SELECT "auth_permission"."content_type_id", "auth_permission"."codename" FROM "auth_permission" INNER JOIN "django_content_type" ON ("auth_permission"."content_type_id" = "django_content_type"."id") WHERE "auth_permission"."content_type_id" IN (5) ORDER BY "django_content_type"."app_label" ASC, "django_content_type"."model" ASC, "auth_permission"."codename" ASC; args=(5,); alias=default
(0.000) SELECT "django_content_type"."id", "django_content_type"."app_label", "django_content_type"."model" FROM "django_content_type" WHERE "django_content_type"."app_label" = 'contenttypes'; args=('contenttypes',); alias=default
(0.000) SELECT "django_content_type"."id", "django_content_type"."app_label", "django_content_type"."model" FROM "django_content_type" WHERE "django_content_type"."app_label" = 'sessions'; args=('sessions',); alias=default
(0.000) SELECT "django_content_type"."id", "django_content_type"."app_label", "django_content_type"."model" FROM "django_content_type" WHERE ("django_content_type"."app_label" = 'sessions' AND "django_content_type"."model" = 'session') LIMIT 21; args=('sessions', 'session'); alias=default
(0.000) SELECT "auth_permission"."content_type_id", "auth_permission"."codename" FROM "auth_permission" INNER JOIN "django_content_type" ON ("auth_permission"."content_type_id" = "django_content_type"."id") WHERE "auth_permission"."content_type_id" IN (6) ORDER BY "django_content_type"."app_label" ASC, "django_content_type"."model" ASC, "auth_permission"."codename" ASC; args=(6,); alias=default
(0.000) SELECT "django_content_type"."id", "django_content_type"."app_label", "django_content_type"."model" FROM "django_content_type" WHERE "django_content_type"."app_label" = 'sessions'; args=('sessions',); alias=default
(0.000) SELECT "django_content_type"."id", "django_content_type"."app_label", "django_content_type"."model" FROM "django_content_type" WHERE "django_content_type"."app_label" = 'News'; args=('News',); alias=default
(0.000) SELECT "django_content_type"."id", "django_content_type"."app_label", "django_content_type"."model" FROM "django_content_type" WHERE ("django_content_type"."app_label" = 'News' AND "django_content_type"."model" = 'news') LIMIT 21; args=('News', 'news'); alias=default
(0.000) SELECT "django_content_type"."id", "django_content_type"."app_label", "django_content_type"."model" FROM "django_content_type" WHERE ("django_content_type"."app_label" = 'News' AND "django_content_type"."model" = 'usernewsrelation') LIMIT 21; args=('News', 'usernewsrelation'); alias=default
(0.000) SELECT "django_content_type"."id", "django_content_type"."app_label", "django_content_type"."model" FROM "django_content_type" WHERE ("django_content_type"."app_label" = 'News' AND "django_content_type"."model" = 'category') LIMIT 21; args=('News', 'category'); alias=default
(0.000) SELECT "auth_permission"."content_type_id", "auth_permission"."codename" FROM "auth_permission" INNER JOIN "django_content_type" ON ("auth_permission"."content_type_id" = "django_content_type"."id") WHERE "auth_permission"."content_type_id" IN (8, 9, 7) ORDER BY "django_content_type"."app_label" ASC, "django_content_type"."model" ASC, "auth_permission"."codename" ASC; args=(8, 9, 7); alias=default
(0.000) SELECT "django_content_type"."id", "django_content_type"."app_label", "django_content_type"."model" FROM "django_content_type" WHERE "django_content_type"."app_label" = 'News'; args=('News',); alias=default
